# JRE version: Java(TM) SE Runtime Environment (22.0.1+8) (build 22.0.1+8-16)
# Java VM: Java HotSpot(TM) 64-Bit Server VM (22.0.1+8-16, mixed mode, sharing, tiered, compressed oops, compressed class ptrs, g1 gc, windows-amd64)
GC Precious Log:
 CardTable entry size: 512
 Card Set container configuration: InlinePtr #cards 4 size 8 Array Of Cards #cards 32 size 80 Howl #buckets 8 coarsen threshold 7372 Howl Bitmap #cards 1024 size 144 coarsen threshold 921 Card regions per heap region 1 cards per card region 8192
 CPUs: 16 total, 16 available
 Memory: 16052M
 Large Page Support: Disabled
 NUMA Support: Disabled
 Compressed Oops: Enabled (Zero based)
 Heap Region Size: 4M
 Heap Min Capacity: 8M
 Heap Initial Capacity: 252M
 Heap Max Capacity: 8G
 Pre-touch: Disabled
 Parallel Workers: 13
 Concurrent Workers: 3
 Concurrent Refinement Workers: 13
 Periodic GC: Disabled
Heap:
 garbage-first heap   total reserved 8388608K, committed 462848K, used 308000K [0x0000000600000000, 0x0000000800000000)
  region size 4096K, 3 young (12288K), 1 survivors (4096K)
 Metaspace       used 196688K, committed 199872K, reserved 1245184K
  class space    used 26175K, committed 27712K, reserved 1048576K
GC Heap History (20 events):
Event: 24.753 GC heap before
{Heap before GC invocations=47 (full 0):
 garbage-first heap   total reserved 8388608K, committed 397312K, used 360628K [0x0000000600000000, 0x0000000800000000)
  region size 4096K, 37 young (151552K), 2 survivors (8192K)
 Metaspace       used 175917K, committed 179008K, reserved 1245184K
  class space    used 23627K, committed 25088K, reserved 1048576K
}
Event: 24.761 GC heap after
{Heap after GC invocations=48 (full 0):
 garbage-first heap   total reserved 8388608K, committed 397312K, used 228536K [0x0000000600000000, 0x0000000800000000)
  region size 4096K, 5 young (20480K), 5 survivors (20480K)
 Metaspace       used 175917K, committed 179008K, reserved 1245184K
  class space    used 23627K, committed 25088K, reserved 1048576K
}
Event: 38.883 GC heap before
{Heap before GC invocations=49 (full 0):
 garbage-first heap   total reserved 8388608K, committed 397312K, used 343224K [0x0000000600000000, 0x0000000800000000)
  region size 4096K, 34 young (139264K), 5 survivors (20480K)
 Metaspace       used 183907K, committed 187136K, reserved 1245184K
  class space    used 24609K, committed 26176K, reserved 1048576K
}
Event: 38.902 GC heap after
{Heap after GC invocations=50 (full 0):
 garbage-first heap   total reserved 8388608K, committed 397312K, used 229681K [0x0000000600000000, 0x0000000800000000)
  region size 4096K, 3 young (12288K), 3 survivors (12288K)
 Metaspace       used 183907K, committed 187136K, reserved 1245184K
  class space    used 24609K, committed 26176K, reserved 1048576K
}
Event: 70.644 GC heap before
{Heap before GC invocations=50 (full 0):
 garbage-first heap   total reserved 8388608K, committed 397312K, used 356657K [0x0000000600000000, 0x0000000800000000)
  region size 4096K, 34 young (139264K), 3 survivors (12288K)
 Metaspace       used 185900K, committed 189056K, reserved 1245184K
  class space    used 24805K, committed 26304K, reserved 1048576K
}
Event: 70.662 GC heap after
{Heap after GC invocations=51 (full 0):
 garbage-first heap   total reserved 8388608K, committed 397312K, used 230802K [0x0000000600000000, 0x0000000800000000)
  region size 4096K, 4 young (16384K), 4 survivors (16384K)
 Metaspace       used 185900K, committed 189056K, reserved 1245184K
  class space    used 24805K, committed 26304K, reserved 1048576K
}
Event: 100.841 GC heap before
{Heap before GC invocations=51 (full 0):
 garbage-first heap   total reserved 8388608K, committed 397312K, used 353682K [0x0000000600000000, 0x0000000800000000)
  region size 4096K, 34 young (139264K), 4 survivors (16384K)
 Metaspace       used 189038K, committed 192192K, reserved 1245184K
  class space    used 25199K, committed 26688K, reserved 1048576K
}
Event: 100.848 GC heap after
{Heap after GC invocations=52 (full 0):
 garbage-first heap   total reserved 8388608K, committed 397312K, used 237674K [0x0000000600000000, 0x0000000800000000)
  region size 4096K, 3 young (12288K), 3 survivors (12288K)
 Metaspace       used 189038K, committed 192192K, reserved 1245184K
  class space    used 25199K, committed 26688K, reserved 1048576K
}
Event: 101.600 GC heap before
{Heap before GC invocations=53 (full 0):
 garbage-first heap   total reserved 8388608K, committed 405504K, used 356458K [0x0000000600000000, 0x0000000800000000)
  region size 4096K, 32 young (131072K), 3 survivors (12288K)
 Metaspace       used 194264K, committed 197504K, reserved 1245184K
  class space    used 25916K, committed 27456K, reserved 1048576K
}
Event: 101.609 GC heap after
{Heap after GC invocations=54 (full 0):
 garbage-first heap   total reserved 8388608K, committed 405504K, used 247467K [0x0000000600000000, 0x0000000800000000)
  region size 4096K, 4 young (16384K), 4 survivors (16384K)
 Metaspace       used 194264K, committed 197504K, reserved 1245184K
  class space    used 25916K, committed 27456K, reserved 1048576K
}
Event: 186.503 GC heap before
{Heap before GC invocations=54 (full 0):
 garbage-first heap   total reserved 8388608K, committed 405504K, used 358059K [0x0000000600000000, 0x0000000800000000)
  region size 4096K, 32 young (131072K), 4 survivors (16384K)
 Metaspace       used 195762K, committed 198976K, reserved 1245184K
  class space    used 26126K, committed 27712K, reserved 1048576K
}
Event: 186.516 GC heap after
{Heap after GC invocations=55 (full 0):
 garbage-first heap   total reserved 8388608K, committed 405504K, used 256056K [0x0000000600000000, 0x0000000800000000)
  region size 4096K, 4 young (16384K), 4 survivors (16384K)
 Metaspace       used 195762K, committed 198976K, reserved 1245184K
  class space    used 26126K, committed 27712K, reserved 1048576K
}
Event: 187.242 GC heap before
{Heap before GC invocations=55 (full 0):
 garbage-first heap   total reserved 8388608K, committed 405504K, used 362552K [0x0000000600000000, 0x0000000800000000)
  region size 4096K, 30 young (122880K), 4 survivors (16384K)
 Metaspace       used 195989K, committed 199232K, reserved 1245184K
  class space    used 26127K, committed 27712K, reserved 1048576K
}
Event: 187.251 GC heap after
{Heap after GC invocations=56 (full 0):
 garbage-first heap   total reserved 8388608K, committed 405504K, used 266787K [0x0000000600000000, 0x0000000800000000)
  region size 4096K, 3 young (12288K), 3 survivors (12288K)
 Metaspace       used 195989K, committed 199232K, reserved 1245184K
  class space    used 26127K, committed 27712K, reserved 1048576K
}
Event: 187.872 GC heap before
{Heap before GC invocations=57 (full 0):
 garbage-first heap   total reserved 8388608K, committed 450560K, used 360995K [0x0000000600000000, 0x0000000800000000)
  region size 4096K, 27 young (110592K), 3 survivors (12288K)
 Metaspace       used 196160K, committed 199424K, reserved 1245184K
  class space    used 26129K, committed 27712K, reserved 1048576K
}
Event: 187.890 GC heap after
{Heap after GC invocations=58 (full 0):
 garbage-first heap   total reserved 8388608K, committed 450560K, used 282202K [0x0000000600000000, 0x0000000800000000)
  region size 4096K, 4 young (16384K), 4 survivors (16384K)
 Metaspace       used 196160K, committed 199424K, reserved 1245184K
  class space    used 26129K, committed 27712K, reserved 1048576K
}
Event: 189.210 GC heap before
{Heap before GC invocations=58 (full 0):
 garbage-first heap   total reserved 8388608K, committed 450560K, used 409178K [0x0000000600000000, 0x0000000800000000)
  region size 4096K, 35 young (143360K), 4 survivors (16384K)
 Metaspace       used 196651K, committed 199872K, reserved 1245184K
  class space    used 26175K, committed 27712K, reserved 1048576K
}
Event: 189.229 GC heap after
{Heap after GC invocations=59 (full 0):
 garbage-first heap   total reserved 8388608K, committed 462848K, used 299092K [0x0000000600000000, 0x0000000800000000)
  region size 4096K, 5 young (20480K), 5 survivors (20480K)
 Metaspace       used 196651K, committed 199872K, reserved 1245184K
  class space    used 26175K, committed 27712K, reserved 1048576K
}
Event: 190.929 GC heap before
{Heap before GC invocations=59 (full 0):
 garbage-first heap   total reserved 8388608K, committed 462848K, used 409684K [0x0000000600000000, 0x0000000800000000)
  region size 4096K, 32 young (131072K), 5 survivors (20480K)
 Metaspace       used 196688K, committed 199872K, reserved 1245184K
  class space    used 26175K, committed 27712K, reserved 1048576K
}
Event: 190.940 GC heap after
{Heap after GC invocations=60 (full 0):
 garbage-first heap   total reserved 8388608K, committed 462848K, used 303904K [0x0000000600000000, 0x0000000800000000)
  region size 4096K, 1 young (4096K), 1 survivors (4096K)
 Metaspace       used 196688K, committed 199872K, reserved 1245184K
  class space    used 26175K, committed 27712K, reserved 1048576K
}

