# JRE version: OpenJDK Runtime Environment Temurin-21.0.7+6 (21.0.7+6) (build 21.0.7+6-LTS)
# Java VM: OpenJDK 64-Bit Server VM Temurin-21.0.7+6 (21.0.7+6-LTS, mixed mode, sharing, tiered, compressed oops, compressed class ptrs, parallel gc, windows-amd64)
GC Precious Log:
 CardTable entry size: 512
 CPUs: 16 total, 16 available
 Memory: 16052M
 Large Page Support: Disabled
 NUMA Support: Disabled
 Compressed Oops: Enabled (32-bit)
 Alignments: Space 512K, Generation 512K, Heap 2M
 Heap Min Capacity: 100M
 Heap Initial Capacity: 100M
 Heap Max Capacity: 1G
 Pre-touch: Disabled
 Parallel Workers: 13
Heap:
 PSYoungGen      total 12288K, used 12287K [0x00000000eab00000, 0x00000000ebc80000, 0x0000000100000000)
  eden space 9728K, 100% used [0x00000000eab00000,0x00000000eb480000,0x00000000eb480000)
  from space 2560K, 99% used [0x00000000eba00000,0x00000000ebc7fcc8,0x00000000ebc80000)
  to   space 3584K, 61% used [0x00000000eb580000,0x00000000eb7a5618,0x00000000eb900000)
 ParOldGen       total 177664K, used 177225K [0x00000000c0000000, 0x00000000cad80000, 0x00000000eab00000)
  object space 177664K, 99% used [0x00000000c0000000,0x00000000cad125b8,0x00000000cad80000)
 Metaspace       used 51803K, committed 53120K, reserved 1114112K
  class space    used 5443K, committed 6016K, reserved 1048576K
GC Heap History (20 events):
Event: 13.886 GC heap before
{Heap before GC invocations=67 (full 2):
 PSYoungGen      total 13312K, used 13217K [0x00000000eab00000, 0x00000000eba80000, 0x0000000100000000)
  eden space 10752K, 100% used [0x00000000eab00000,0x00000000eb580000,0x00000000eb580000)
  from space 2560K, 96% used [0x00000000eb800000,0x00000000eba686c8,0x00000000eba80000)
  to   space 2560K, 0% used [0x00000000eb580000,0x00000000eb580000,0x00000000eb800000)
 ParOldGen       total 152576K, used 152345K [0x00000000c0000000, 0x00000000c9500000, 0x00000000eab00000)
  object space 152576K, 99% used [0x00000000c0000000,0x00000000c94c6670,0x00000000c9500000)
 Metaspace       used 51239K, committed 52544K, reserved 1114112K
  class space    used 5387K, committed 5952K, reserved 1048576K
}
Event: 13.890 GC heap after
{Heap after GC invocations=67 (full 2):
 PSYoungGen      total 13312K, used 2333K [0x00000000eab00000, 0x00000000eba80000, 0x0000000100000000)
  eden space 10752K, 0% used [0x00000000eab00000,0x00000000eab00000,0x00000000eb580000)
  from space 2560K, 91% used [0x00000000eb580000,0x00000000eb7c76e0,0x00000000eb800000)
  to   space 2560K, 0% used [0x00000000eb800000,0x00000000eb800000,0x00000000eba80000)
 ParOldGen       total 155136K, used 154630K [0x00000000c0000000, 0x00000000c9780000, 0x00000000eab00000)
  object space 155136K, 99% used [0x00000000c0000000,0x00000000c9701880,0x00000000c9780000)
 Metaspace       used 51239K, committed 52544K, reserved 1114112K
  class space    used 5387K, committed 5952K, reserved 1048576K
}
Event: 13.942 GC heap before
{Heap before GC invocations=68 (full 2):
 PSYoungGen      total 13312K, used 13085K [0x00000000eab00000, 0x00000000eba80000, 0x0000000100000000)
  eden space 10752K, 100% used [0x00000000eab00000,0x00000000eb580000,0x00000000eb580000)
  from space 2560K, 91% used [0x00000000eb580000,0x00000000eb7c76e0,0x00000000eb800000)
  to   space 2560K, 0% used [0x00000000eb800000,0x00000000eb800000,0x00000000eba80000)
 ParOldGen       total 155136K, used 154630K [0x00000000c0000000, 0x00000000c9780000, 0x00000000eab00000)
  object space 155136K, 99% used [0x00000000c0000000,0x00000000c9701880,0x00000000c9780000)
 Metaspace       used 51378K, committed 52672K, reserved 1114112K
  class space    used 5405K, committed 5952K, reserved 1048576K
}
Event: 13.945 GC heap after
{Heap after GC invocations=68 (full 2):
 PSYoungGen      total 13312K, used 2518K [0x00000000eab00000, 0x00000000eba80000, 0x0000000100000000)
  eden space 10752K, 0% used [0x00000000eab00000,0x00000000eab00000,0x00000000eb580000)
  from space 2560K, 98% used [0x00000000eb800000,0x00000000eba75970,0x00000000eba80000)
  to   space 2560K, 0% used [0x00000000eb580000,0x00000000eb580000,0x00000000eb800000)
 ParOldGen       total 157184K, used 156756K [0x00000000c0000000, 0x00000000c9980000, 0x00000000eab00000)
  object space 157184K, 99% used [0x00000000c0000000,0x00000000c9915098,0x00000000c9980000)
 Metaspace       used 51378K, committed 52672K, reserved 1114112K
  class space    used 5405K, committed 5952K, reserved 1048576K
}
Event: 13.992 GC heap before
{Heap before GC invocations=69 (full 2):
 PSYoungGen      total 13312K, used 13270K [0x00000000eab00000, 0x00000000eba80000, 0x0000000100000000)
  eden space 10752K, 100% used [0x00000000eab00000,0x00000000eb580000,0x00000000eb580000)
  from space 2560K, 98% used [0x00000000eb800000,0x00000000eba75970,0x00000000eba80000)
  to   space 2560K, 0% used [0x00000000eb580000,0x00000000eb580000,0x00000000eb800000)
 ParOldGen       total 157184K, used 156756K [0x00000000c0000000, 0x00000000c9980000, 0x00000000eab00000)
  object space 157184K, 99% used [0x00000000c0000000,0x00000000c9915098,0x00000000c9980000)
 Metaspace       used 51380K, committed 52672K, reserved 1114112K
  class space    used 5405K, committed 5952K, reserved 1048576K
}
Event: 13.996 GC heap after
{Heap after GC invocations=69 (full 2):
 PSYoungGen      total 13312K, used 2557K [0x00000000eab00000, 0x00000000ec080000, 0x0000000100000000)
  eden space 10752K, 0% used [0x00000000eab00000,0x00000000eab00000,0x00000000eb580000)
  from space 2560K, 99% used [0x00000000eb580000,0x00000000eb7ff438,0x00000000eb800000)
  to   space 5632K, 0% used [0x00000000ebb00000,0x00000000ebb00000,0x00000000ec080000)
 ParOldGen       total 159232K, used 158975K [0x00000000c0000000, 0x00000000c9b80000, 0x00000000eab00000)
  object space 159232K, 99% used [0x00000000c0000000,0x00000000c9b3fc20,0x00000000c9b80000)
 Metaspace       used 51380K, committed 52672K, reserved 1114112K
  class space    used 5405K, committed 5952K, reserved 1048576K
}
Event: 14.065 GC heap before
{Heap before GC invocations=70 (full 2):
 PSYoungGen      total 13312K, used 13309K [0x00000000eab00000, 0x00000000ec080000, 0x0000000100000000)
  eden space 10752K, 100% used [0x00000000eab00000,0x00000000eb580000,0x00000000eb580000)
  from space 2560K, 99% used [0x00000000eb580000,0x00000000eb7ff438,0x00000000eb800000)
  to   space 5632K, 0% used [0x00000000ebb00000,0x00000000ebb00000,0x00000000ec080000)
 ParOldGen       total 159232K, used 158975K [0x00000000c0000000, 0x00000000c9b80000, 0x00000000eab00000)
  object space 159232K, 99% used [0x00000000c0000000,0x00000000c9b3fc20,0x00000000c9b80000)
 Metaspace       used 51380K, committed 52672K, reserved 1114112K
  class space    used 5405K, committed 5952K, reserved 1048576K
}
Event: 14.067 GC heap after
{Heap after GC invocations=70 (full 2):
 PSYoungGen      total 13824K, used 2704K [0x00000000eab00000, 0x00000000ebe00000, 0x0000000100000000)
  eden space 10752K, 0% used [0x00000000eab00000,0x00000000eab00000,0x00000000eb580000)
  from space 3072K, 88% used [0x00000000ebb00000,0x00000000ebda4198,0x00000000ebe00000)
  to   space 3584K, 0% used [0x00000000eb700000,0x00000000eb700000,0x00000000eba80000)
 ParOldGen       total 161792K, used 161284K [0x00000000c0000000, 0x00000000c9e00000, 0x00000000eab00000)
  object space 161792K, 99% used [0x00000000c0000000,0x00000000c9d81160,0x00000000c9e00000)
 Metaspace       used 51380K, committed 52672K, reserved 1114112K
  class space    used 5405K, committed 5952K, reserved 1048576K
}
Event: 14.113 GC heap before
{Heap before GC invocations=71 (full 2):
 PSYoungGen      total 13824K, used 13456K [0x00000000eab00000, 0x00000000ebe00000, 0x0000000100000000)
  eden space 10752K, 100% used [0x00000000eab00000,0x00000000eb580000,0x00000000eb580000)
  from space 3072K, 88% used [0x00000000ebb00000,0x00000000ebda4198,0x00000000ebe00000)
  to   space 3584K, 0% used [0x00000000eb700000,0x00000000eb700000,0x00000000eba80000)
 ParOldGen       total 161792K, used 161284K [0x00000000c0000000, 0x00000000c9e00000, 0x00000000eab00000)
  object space 161792K, 99% used [0x00000000c0000000,0x00000000c9d81160,0x00000000c9e00000)
 Metaspace       used 51380K, committed 52672K, reserved 1114112K
  class space    used 5405K, committed 5952K, reserved 1048576K
}
Event: 14.116 GC heap after
{Heap after GC invocations=71 (full 2):
 PSYoungGen      total 13824K, used 2656K [0x00000000eab00000, 0x00000000ebb80000, 0x0000000100000000)
  eden space 10752K, 0% used [0x00000000eab00000,0x00000000eab00000,0x00000000eb580000)
  from space 3072K, 86% used [0x00000000eb700000,0x00000000eb9982e8,0x00000000eba00000)
  to   space 1536K, 0% used [0x00000000eba00000,0x00000000eba00000,0x00000000ebb80000)
 ParOldGen       total 163840K, used 163729K [0x00000000c0000000, 0x00000000ca000000, 0x00000000eab00000)
  object space 163840K, 99% used [0x00000000c0000000,0x00000000c9fe4788,0x00000000ca000000)
 Metaspace       used 51380K, committed 52672K, reserved 1114112K
  class space    used 5405K, committed 5952K, reserved 1048576K
}
Event: 14.188 GC heap before
{Heap before GC invocations=72 (full 2):
 PSYoungGen      total 13824K, used 13408K [0x00000000eab00000, 0x00000000ebb80000, 0x0000000100000000)
  eden space 10752K, 100% used [0x00000000eab00000,0x00000000eb580000,0x00000000eb580000)
  from space 3072K, 86% used [0x00000000eb700000,0x00000000eb9982e8,0x00000000eba00000)
  to   space 1536K, 0% used [0x00000000eba00000,0x00000000eba00000,0x00000000ebb80000)
 ParOldGen       total 163840K, used 163729K [0x00000000c0000000, 0x00000000ca000000, 0x00000000eab00000)
  object space 163840K, 99% used [0x00000000c0000000,0x00000000c9fe4788,0x00000000ca000000)
 Metaspace       used 51380K, committed 52672K, reserved 1114112K
  class space    used 5405K, committed 5952K, reserved 1048576K
}
Event: 14.191 GC heap after
{Heap after GC invocations=72 (full 2):
 PSYoungGen      total 11264K, used 1534K [0x00000000eab00000, 0x00000000ec080000, 0x0000000100000000)
  eden space 9728K, 0% used [0x00000000eab00000,0x00000000eab00000,0x00000000eb480000)
  from space 1536K, 99% used [0x00000000eba00000,0x00000000ebb7fb90,0x00000000ebb80000)
  to   space 5632K, 0% used [0x00000000eb480000,0x00000000eb480000,0x00000000eba00000)
 ParOldGen       total 167424K, used 167036K [0x00000000c0000000, 0x00000000ca380000, 0x00000000eab00000)
  object space 167424K, 99% used [0x00000000c0000000,0x00000000ca31f078,0x00000000ca380000)
 Metaspace       used 51380K, committed 52672K, reserved 1114112K
  class space    used 5405K, committed 5952K, reserved 1048576K
}
Event: 14.232 GC heap before
{Heap before GC invocations=73 (full 2):
 PSYoungGen      total 11264K, used 11262K [0x00000000eab00000, 0x00000000ec080000, 0x0000000100000000)
  eden space 9728K, 100% used [0x00000000eab00000,0x00000000eb480000,0x00000000eb480000)
  from space 1536K, 99% used [0x00000000eba00000,0x00000000ebb7fb90,0x00000000ebb80000)
  to   space 5632K, 0% used [0x00000000eb480000,0x00000000eb480000,0x00000000eba00000)
 ParOldGen       total 167424K, used 167036K [0x00000000c0000000, 0x00000000ca380000, 0x00000000eab00000)
  object space 167424K, 99% used [0x00000000c0000000,0x00000000ca31f078,0x00000000ca380000)
 Metaspace       used 51380K, committed 52672K, reserved 1114112K
  class space    used 5405K, committed 5952K, reserved 1048576K
}
Event: 14.234 GC heap after
{Heap after GC invocations=73 (full 2):
 PSYoungGen      total 12288K, used 2508K [0x00000000eab00000, 0x00000000ebb80000, 0x0000000100000000)
  eden space 9728K, 0% used [0x00000000eab00000,0x00000000eab00000,0x00000000eb480000)
  from space 2560K, 97% used [0x00000000eb480000,0x00000000eb6f3328,0x00000000eb700000)
  to   space 3584K, 0% used [0x00000000eb800000,0x00000000eb800000,0x00000000ebb80000)
 ParOldGen       total 168960K, used 168576K [0x00000000c0000000, 0x00000000ca500000, 0x00000000eab00000)
  object space 168960K, 99% used [0x00000000c0000000,0x00000000ca4a0090,0x00000000ca500000)
 Metaspace       used 51380K, committed 52672K, reserved 1114112K
  class space    used 5405K, committed 5952K, reserved 1048576K
}
Event: 14.289 GC heap before
{Heap before GC invocations=74 (full 2):
 PSYoungGen      total 12288K, used 12236K [0x00000000eab00000, 0x00000000ebb80000, 0x0000000100000000)
  eden space 9728K, 100% used [0x00000000eab00000,0x00000000eb480000,0x00000000eb480000)
  from space 2560K, 97% used [0x00000000eb480000,0x00000000eb6f3328,0x00000000eb700000)
  to   space 3584K, 0% used [0x00000000eb800000,0x00000000eb800000,0x00000000ebb80000)
 ParOldGen       total 168960K, used 168576K [0x00000000c0000000, 0x00000000ca500000, 0x00000000eab00000)
  object space 168960K, 99% used [0x00000000c0000000,0x00000000ca4a0090,0x00000000ca500000)
 Metaspace       used 51380K, committed 52672K, reserved 1114112K
  class space    used 5405K, committed 5952K, reserved 1048576K
}
Event: 14.292 GC heap after
{Heap after GC invocations=74 (full 2):
 PSYoungGen      total 12288K, used 2358K [0x00000000eab00000, 0x00000000eba80000, 0x0000000100000000)
  eden space 9728K, 0% used [0x00000000eab00000,0x00000000eab00000,0x00000000eb480000)
  from space 2560K, 92% used [0x00000000eb800000,0x00000000eba4db80,0x00000000eba80000)
  to   space 2560K, 0% used [0x00000000eb480000,0x00000000eb480000,0x00000000eb700000)
 ParOldGen       total 171008K, used 170862K [0x00000000c0000000, 0x00000000ca700000, 0x00000000eab00000)
  object space 171008K, 99% used [0x00000000c0000000,0x00000000ca6db920,0x00000000ca700000)
 Metaspace       used 51380K, committed 52672K, reserved 1114112K
  class space    used 5405K, committed 5952K, reserved 1048576K
}
Event: 14.333 GC heap before
{Heap before GC invocations=75 (full 2):
 PSYoungGen      total 12288K, used 12086K [0x00000000eab00000, 0x00000000eba80000, 0x0000000100000000)
  eden space 9728K, 100% used [0x00000000eab00000,0x00000000eb480000,0x00000000eb480000)
  from space 2560K, 92% used [0x00000000eb800000,0x00000000eba4db80,0x00000000eba80000)
  to   space 2560K, 0% used [0x00000000eb480000,0x00000000eb480000,0x00000000eb700000)
 ParOldGen       total 171008K, used 170862K [0x00000000c0000000, 0x00000000ca700000, 0x00000000eab00000)
  object space 171008K, 99% used [0x00000000c0000000,0x00000000ca6db920,0x00000000ca700000)
 Metaspace       used 51380K, committed 52672K, reserved 1114112K
  class space    used 5405K, committed 5952K, reserved 1048576K
}
Event: 14.336 GC heap after
{Heap after GC invocations=75 (full 2):
 PSYoungGen      total 12288K, used 2536K [0x00000000eab00000, 0x00000000ebf80000, 0x0000000100000000)
  eden space 9728K, 0% used [0x00000000eab00000,0x00000000eab00000,0x00000000eb480000)
  from space 2560K, 99% used [0x00000000eb480000,0x00000000eb6fa2d0,0x00000000eb700000)
  to   space 5632K, 0% used [0x00000000eba00000,0x00000000eba00000,0x00000000ebf80000)
 ParOldGen       total 173568K, used 173097K [0x00000000c0000000, 0x00000000ca980000, 0x00000000eab00000)
  object space 173568K, 99% used [0x00000000c0000000,0x00000000ca90a548,0x00000000ca980000)
 Metaspace       used 51380K, committed 52672K, reserved 1114112K
  class space    used 5405K, committed 5952K, reserved 1048576K
}
Event: 14.375 GC heap before
{Heap before GC invocations=76 (full 2):
 PSYoungGen      total 12288K, used 12264K [0x00000000eab00000, 0x00000000ebf80000, 0x0000000100000000)
  eden space 9728K, 100% used [0x00000000eab00000,0x00000000eb480000,0x00000000eb480000)
  from space 2560K, 99% used [0x00000000eb480000,0x00000000eb6fa2d0,0x00000000eb700000)
  to   space 5632K, 0% used [0x00000000eba00000,0x00000000eba00000,0x00000000ebf80000)
 ParOldGen       total 173568K, used 173097K [0x00000000c0000000, 0x00000000ca980000, 0x00000000eab00000)
  object space 173568K, 99% used [0x00000000c0000000,0x00000000ca90a548,0x00000000ca980000)
 Metaspace       used 51439K, committed 52736K, reserved 1114112K
  class space    used 5408K, committed 5952K, reserved 1048576K
}
Event: 14.379 GC heap after
{Heap after GC invocations=76 (full 2):
 PSYoungGen      total 12288K, used 2559K [0x00000000eab00000, 0x00000000ebc80000, 0x0000000100000000)
  eden space 9728K, 0% used [0x00000000eab00000,0x00000000eab00000,0x00000000eb480000)
  from space 2560K, 99% used [0x00000000eba00000,0x00000000ebc7fcc8,0x00000000ebc80000)
  to   space 3584K, 0% used [0x00000000eb580000,0x00000000eb580000,0x00000000eb900000)
 ParOldGen       total 175616K, used 175442K [0x00000000c0000000, 0x00000000cab80000, 0x00000000eab00000)
  object space 175616K, 99% used [0x00000000c0000000,0x00000000cab54848,0x00000000cab80000)
 Metaspace       used 51439K, committed 52736K, reserved 1114112K
  class space    used 5408K, committed 5952K, reserved 1048576K
}

