# JRE version: Java(TM) SE Runtime Environment (22.0.1+8) (build 22.0.1+8-16)
# Java VM: Java HotSpot(TM) 64-Bit Server VM (22.0.1+8-16, mixed mode, sharing, tiered, compressed oops, compressed class ptrs, g1 gc, windows-amd64)
GC Precious Log:
 CardTable entry size: 512
 Card Set container configuration: InlinePtr #cards 4 size 8 Array Of Cards #cards 32 size 80 Howl #buckets 8 coarsen threshold 7372 Howl Bitmap #cards 1024 size 144 coarsen threshold 921 Card regions per heap region 1 cards per card region 8192
 CPUs: 16 total, 16 available
 Memory: 16052M
 Large Page Support: Disabled
 NUMA Support: Disabled
 Compressed Oops: Enabled (Zero based)
 Heap Region Size: 4M
 Heap Min Capacity: 8M
 Heap Initial Capacity: 252M
 Heap Max Capacity: 8G
 Pre-touch: Disabled
 Parallel Workers: 13
 Concurrent Workers: 3
 Concurrent Refinement Workers: 13
 Periodic GC: Disabled
Heap:
 garbage-first heap   total reserved 8388608K, committed 225280K, used 134611K [0x0000000600000000, 0x0000000800000000)
  region size 4096K, 3 young (12288K), 3 survivors (12288K)
 Metaspace       used 138965K, committed 141696K, reserved 1179648K
  class space    used 18743K, committed 20032K, reserved 1048576K
GC Heap History (20 events):
Event: 12.360 GC heap after
{Heap after GC invocations=28 (full 0):
 garbage-first heap   total reserved 8388608K, committed 192512K, used 92256K [0x0000000600000000, 0x0000000800000000)
  region size 4096K, 1 young (4096K), 1 survivors (4096K)
 Metaspace       used 87571K, committed 89728K, reserved 1179648K
  class space    used 12809K, committed 13824K, reserved 1048576K
}
Event: 12.881 GC heap before
{Heap before GC invocations=29 (full 0):
 garbage-first heap   total reserved 8388608K, committed 192512K, used 165984K [0x0000000600000000, 0x0000000800000000)
  region size 4096K, 18 young (73728K), 1 survivors (4096K)
 Metaspace       used 94029K, committed 96320K, reserved 1179648K
  class space    used 13445K, committed 14528K, reserved 1048576K
}
Event: 12.886 GC heap after
{Heap after GC invocations=30 (full 0):
 garbage-first heap   total reserved 8388608K, committed 192512K, used 106858K [0x0000000600000000, 0x0000000800000000)
  region size 4096K, 2 young (8192K), 2 survivors (8192K)
 Metaspace       used 94029K, committed 96320K, reserved 1179648K
  class space    used 13445K, committed 14528K, reserved 1048576K
}
Event: 13.430 GC heap before
{Heap before GC invocations=30 (full 0):
 garbage-first heap   total reserved 8388608K, committed 192512K, used 168298K [0x0000000600000000, 0x0000000800000000)
  region size 4096K, 17 young (69632K), 2 survivors (8192K)
 Metaspace       used 101386K, committed 103872K, reserved 1179648K
  class space    used 14439K, committed 15616K, reserved 1048576K
}
Event: 13.436 GC heap after
{Heap after GC invocations=31 (full 0):
 garbage-first heap   total reserved 8388608K, committed 192512K, used 109541K [0x0000000600000000, 0x0000000800000000)
  region size 4096K, 1 young (4096K), 1 survivors (4096K)
 Metaspace       used 101386K, committed 103872K, reserved 1179648K
  class space    used 14439K, committed 15616K, reserved 1048576K
}
Event: 14.021 GC heap before
{Heap before GC invocations=31 (full 0):
 garbage-first heap   total reserved 8388608K, committed 192512K, used 170981K [0x0000000600000000, 0x0000000800000000)
  region size 4096K, 16 young (65536K), 1 survivors (4096K)
 Metaspace       used 104648K, committed 107136K, reserved 1179648K
  class space    used 14806K, committed 16000K, reserved 1048576K
}
Event: 14.028 GC heap after
{Heap after GC invocations=32 (full 0):
 garbage-first heap   total reserved 8388608K, committed 192512K, used 114010K [0x0000000600000000, 0x0000000800000000)
  region size 4096K, 2 young (8192K), 2 survivors (8192K)
 Metaspace       used 104648K, committed 107136K, reserved 1179648K
  class space    used 14806K, committed 16000K, reserved 1048576K
}
Event: 14.760 GC heap before
{Heap before GC invocations=33 (full 0):
 garbage-first heap   total reserved 8388608K, committed 192512K, used 171354K [0x0000000600000000, 0x0000000800000000)
  region size 4096K, 16 young (65536K), 2 survivors (8192K)
 Metaspace       used 107933K, committed 110464K, reserved 1179648K
  class space    used 15158K, committed 16384K, reserved 1048576K
}
Event: 14.768 GC heap after
{Heap after GC invocations=34 (full 0):
 garbage-first heap   total reserved 8388608K, committed 192512K, used 119237K [0x0000000600000000, 0x0000000800000000)
  region size 4096K, 2 young (8192K), 2 survivors (8192K)
 Metaspace       used 107933K, committed 110464K, reserved 1179648K
  class space    used 15158K, committed 16384K, reserved 1048576K
}
Event: 15.552 GC heap before
{Heap before GC invocations=34 (full 0):
 garbage-first heap   total reserved 8388608K, committed 192512K, used 168389K [0x0000000600000000, 0x0000000800000000)
  region size 4096K, 14 young (57344K), 2 survivors (8192K)
 Metaspace       used 111809K, committed 114368K, reserved 1179648K
  class space    used 15519K, committed 16768K, reserved 1048576K
}
Event: 15.559 GC heap after
{Heap after GC invocations=35 (full 0):
 garbage-first heap   total reserved 8388608K, committed 192512K, used 125235K [0x0000000600000000, 0x0000000800000000)
  region size 4096K, 2 young (8192K), 2 survivors (8192K)
 Metaspace       used 111809K, committed 114368K, reserved 1179648K
  class space    used 15519K, committed 16768K, reserved 1048576K
}
Event: 16.010 GC heap before
{Heap before GC invocations=36 (full 0):
 garbage-first heap   total reserved 8388608K, committed 221184K, used 162099K [0x0000000600000000, 0x0000000800000000)
  region size 4096K, 11 young (45056K), 2 survivors (8192K)
 Metaspace       used 116104K, committed 118656K, reserved 1179648K
  class space    used 16035K, committed 17280K, reserved 1048576K
}
Event: 16.015 GC heap after
{Heap after GC invocations=37 (full 0):
 garbage-first heap   total reserved 8388608K, committed 221184K, used 127277K [0x0000000600000000, 0x0000000800000000)
  region size 4096K, 1 young (4096K), 1 survivors (4096K)
 Metaspace       used 116104K, committed 118656K, reserved 1179648K
  class space    used 16035K, committed 17280K, reserved 1048576K
}
Event: 16.672 GC heap before
{Heap before GC invocations=37 (full 0):
 garbage-first heap   total reserved 8388608K, committed 221184K, used 192813K [0x0000000600000000, 0x0000000800000000)
  region size 4096K, 18 young (73728K), 1 survivors (4096K)
 Metaspace       used 126437K, committed 129024K, reserved 1179648K
  class space    used 17021K, committed 18304K, reserved 1048576K
}
Event: 16.676 GC heap after
{Heap after GC invocations=38 (full 0):
 garbage-first heap   total reserved 8388608K, committed 221184K, used 129712K [0x0000000600000000, 0x0000000800000000)
  region size 4096K, 2 young (8192K), 2 survivors (8192K)
 Metaspace       used 126437K, committed 129024K, reserved 1179648K
  class space    used 17021K, committed 18304K, reserved 1048576K
}
Event: 17.627 GC heap before
{Heap before GC invocations=39 (full 0):
 garbage-first heap   total reserved 8388608K, committed 225280K, used 191152K [0x0000000600000000, 0x0000000800000000)
  region size 4096K, 17 young (69632K), 2 survivors (8192K)
 Metaspace       used 131691K, committed 134336K, reserved 1179648K
  class space    used 17741K, committed 19008K, reserved 1048576K
}
Event: 17.632 GC heap after
{Heap after GC invocations=40 (full 0):
 garbage-first heap   total reserved 8388608K, committed 225280K, used 125105K [0x0000000600000000, 0x0000000800000000)
  region size 4096K, 3 young (12288K), 3 survivors (12288K)
 Metaspace       used 131691K, committed 134336K, reserved 1179648K
  class space    used 17741K, committed 19008K, reserved 1048576K
}
Event: 18.449 GC heap before
{Heap before GC invocations=40 (full 0):
 garbage-first heap   total reserved 8388608K, committed 225280K, used 186545K [0x0000000600000000, 0x0000000800000000)
  region size 4096K, 19 young (77824K), 3 survivors (12288K)
 Metaspace       used 135988K, committed 138688K, reserved 1179648K
  class space    used 18361K, committed 19648K, reserved 1048576K
}
Event: 18.459 GC heap after
{Heap after GC invocations=41 (full 0):
 garbage-first heap   total reserved 8388608K, committed 225280K, used 130151K [0x0000000600000000, 0x0000000800000000)
  region size 4096K, 3 young (12288K), 3 survivors (12288K)
 Metaspace       used 135988K, committed 138688K, reserved 1179648K
  class space    used 18361K, committed 19648K, reserved 1048576K
}
Event: 35.881 GC heap before
{Heap before GC invocations=41 (full 0):
 garbage-first heap   total reserved 8388608K, committed 225280K, used 191591K [0x0000000600000000, 0x0000000800000000)
  region size 4096K, 19 young (77824K), 3 survivors (12288K)
 Metaspace       used 138965K, committed 141696K, reserved 1179648K
  class space    used 18743K, committed 20032K, reserved 1048576K
}

