# JRE version: OpenJDK Runtime Environment Temurin-21.0.7+6 (21.0.7+6) (build 21.0.7+6-LTS)
# Java VM: OpenJDK 64-Bit Server VM Temurin-21.0.7+6 (21.0.7+6-LTS, mixed mode, sharing, tiered, compressed oops, compressed class ptrs, parallel gc, windows-amd64)
GC Precious Log:
 CardTable entry size: 512
 CPUs: 16 total, 16 available
 Memory: 16052M
 Large Page Support: Disabled
 NUMA Support: Disabled
 Compressed Oops: Enabled (32-bit)
 Alignments: Space 512K, Generation 512K, Heap 2M
 Heap Min Capacity: 100M
 Heap Initial Capacity: 100M
 Heap Max Capacity: 1G
 Pre-touch: Disabled
 Parallel Workers: 13
Heap:
 PSYoungGen      total 16384K, used 9059K [0x00000000eab00000, 0x00000000ebf80000, 0x0000000100000000)
  eden space 12288K, 43% used [0x00000000eab00000,0x00000000eb038ec0,0x00000000eb700000)
  from space 4096K, 90% used [0x00000000ebb80000,0x00000000ebf1fde8,0x00000000ebf80000)
  to   space 4096K, 0% used [0x00000000eb780000,0x00000000eb780000,0x00000000ebb80000)
 ParOldGen       total 479232K, used 479160K [0x00000000c0000000, 0x00000000dd400000, 0x00000000eab00000)
  object space 479232K, 99% used [0x00000000c0000000,0x00000000dd3ee140,0x00000000dd400000)
 Metaspace       used 72673K, committed 74240K, reserved 1114112K
  class space    used 8743K, committed 9408K, reserved 1048576K
GC Heap History (20 events):
Event: 156.311 GC heap before
{Heap before GC invocations=1111 (full 4):
 PSYoungGen      total 8704K, used 8293K [0x00000000eab00000, 0x00000000eb600000, 0x0000000100000000)
  eden space 6144K, 100% used [0x00000000eab00000,0x00000000eb100000,0x00000000eb100000)
  from space 2560K, 83% used [0x00000000eb380000,0x00000000eb5995e8,0x00000000eb600000)
  to   space 2560K, 0% used [0x00000000eb100000,0x00000000eb100000,0x00000000eb380000)
 ParOldGen       total 455168K, used 455153K [0x00000000c0000000, 0x00000000dbc80000, 0x00000000eab00000)
  object space 455168K, 99% used [0x00000000c0000000,0x00000000dbc7c6a8,0x00000000dbc80000)
 Metaspace       used 72673K, committed 74240K, reserved 1114112K
  class space    used 8743K, committed 9408K, reserved 1048576K
}
Event: 156.314 GC heap after
{Heap after GC invocations=1111 (full 4):
 PSYoungGen      total 8704K, used 1965K [0x00000000eab00000, 0x00000000eb680000, 0x0000000100000000)
  eden space 6144K, 0% used [0x00000000eab00000,0x00000000eab00000,0x00000000eb100000)
  from space 2560K, 76% used [0x00000000eb100000,0x00000000eb2eb620,0x00000000eb380000)
  to   space 2048K, 0% used [0x00000000eb480000,0x00000000eb480000,0x00000000eb680000)
 ParOldGen       total 457216K, used 456992K [0x00000000c0000000, 0x00000000dbe80000, 0x00000000eab00000)
  object space 457216K, 99% used [0x00000000c0000000,0x00000000dbe48160,0x00000000dbe80000)
 Metaspace       used 72673K, committed 74240K, reserved 1114112K
  class space    used 8743K, committed 9408K, reserved 1048576K
}
Event: 156.322 GC heap before
{Heap before GC invocations=1112 (full 4):
 PSYoungGen      total 8704K, used 8109K [0x00000000eab00000, 0x00000000eb680000, 0x0000000100000000)
  eden space 6144K, 100% used [0x00000000eab00000,0x00000000eb100000,0x00000000eb100000)
  from space 2560K, 76% used [0x00000000eb100000,0x00000000eb2eb620,0x00000000eb380000)
  to   space 2048K, 0% used [0x00000000eb480000,0x00000000eb480000,0x00000000eb680000)
 ParOldGen       total 457216K, used 456992K [0x00000000c0000000, 0x00000000dbe80000, 0x00000000eab00000)
  object space 457216K, 99% used [0x00000000c0000000,0x00000000dbe48160,0x00000000dbe80000)
 Metaspace       used 72673K, committed 74240K, reserved 1114112K
  class space    used 8743K, committed 9408K, reserved 1048576K
}
Event: 156.325 GC heap after
{Heap after GC invocations=1112 (full 4):
 PSYoungGen      total 7168K, used 2037K [0x00000000eab00000, 0x00000000ebb80000, 0x0000000100000000)
  eden space 5120K, 0% used [0x00000000eab00000,0x00000000eab00000,0x00000000eb000000)
  from space 2048K, 99% used [0x00000000eb480000,0x00000000eb67d7e8,0x00000000eb680000)
  to   space 4608K, 0% used [0x00000000eb000000,0x00000000eb000000,0x00000000eb480000)
 ParOldGen       total 459264K, used 458825K [0x00000000c0000000, 0x00000000dc080000, 0x00000000eab00000)
  object space 459264K, 99% used [0x00000000c0000000,0x00000000dc012688,0x00000000dc080000)
 Metaspace       used 72673K, committed 74240K, reserved 1114112K
  class space    used 8743K, committed 9408K, reserved 1048576K
}
Event: 156.331 GC heap before
{Heap before GC invocations=1113 (full 4):
 PSYoungGen      total 7168K, used 7131K [0x00000000eab00000, 0x00000000ebb80000, 0x0000000100000000)
  eden space 5120K, 99% used [0x00000000eab00000,0x00000000eaff9478,0x00000000eb000000)
  from space 2048K, 99% used [0x00000000eb480000,0x00000000eb67d7e8,0x00000000eb680000)
  to   space 4608K, 0% used [0x00000000eb000000,0x00000000eb000000,0x00000000eb480000)
 ParOldGen       total 459264K, used 458825K [0x00000000c0000000, 0x00000000dc080000, 0x00000000eab00000)
  object space 459264K, 99% used [0x00000000c0000000,0x00000000dc012688,0x00000000dc080000)
 Metaspace       used 72673K, committed 74240K, reserved 1114112K
  class space    used 8743K, committed 9408K, reserved 1048576K
}
Event: 156.334 GC heap after
{Heap after GC invocations=1113 (full 4):
 PSYoungGen      total 7168K, used 1758K [0x00000000eab00000, 0x00000000eb600000, 0x0000000100000000)
  eden space 5120K, 0% used [0x00000000eab00000,0x00000000eab00000,0x00000000eb000000)
  from space 2048K, 85% used [0x00000000eb000000,0x00000000eb1b78e8,0x00000000eb200000)
  to   space 2560K, 0% used [0x00000000eb380000,0x00000000eb380000,0x00000000eb600000)
 ParOldGen       total 460800K, used 460643K [0x00000000c0000000, 0x00000000dc200000, 0x00000000eab00000)
  object space 460800K, 99% used [0x00000000c0000000,0x00000000dc1d8fd8,0x00000000dc200000)
 Metaspace       used 72673K, committed 74240K, reserved 1114112K
  class space    used 8743K, committed 9408K, reserved 1048576K
}
Event: 156.339 GC heap before
{Heap before GC invocations=1114 (full 4):
 PSYoungGen      total 7168K, used 6872K [0x00000000eab00000, 0x00000000eb600000, 0x0000000100000000)
  eden space 5120K, 99% used [0x00000000eab00000,0x00000000eaffe9b8,0x00000000eb000000)
  from space 2048K, 85% used [0x00000000eb000000,0x00000000eb1b78e8,0x00000000eb200000)
  to   space 2560K, 0% used [0x00000000eb380000,0x00000000eb380000,0x00000000eb600000)
 ParOldGen       total 460800K, used 460643K [0x00000000c0000000, 0x00000000dc200000, 0x00000000eab00000)
  object space 460800K, 99% used [0x00000000c0000000,0x00000000dc1d8fd8,0x00000000dc200000)
 Metaspace       used 72673K, committed 74240K, reserved 1114112K
  class space    used 8743K, committed 9408K, reserved 1048576K
}
Event: 156.341 GC heap after
{Heap after GC invocations=1114 (full 4):
 PSYoungGen      total 8704K, used 2121K [0x00000000eab00000, 0x00000000eb600000, 0x0000000100000000)
  eden space 6144K, 0% used [0x00000000eab00000,0x00000000eab00000,0x00000000eb100000)
  from space 2560K, 82% used [0x00000000eb380000,0x00000000eb5925d8,0x00000000eb600000)
  to   space 2560K, 0% used [0x00000000eb100000,0x00000000eb100000,0x00000000eb380000)
 ParOldGen       total 462336K, used 462214K [0x00000000c0000000, 0x00000000dc380000, 0x00000000eab00000)
  object space 462336K, 99% used [0x00000000c0000000,0x00000000dc361938,0x00000000dc380000)
 Metaspace       used 72673K, committed 74240K, reserved 1114112K
  class space    used 8743K, committed 9408K, reserved 1048576K
}
Event: 156.348 GC heap before
{Heap before GC invocations=1115 (full 4):
 PSYoungGen      total 8704K, used 8265K [0x00000000eab00000, 0x00000000eb600000, 0x0000000100000000)
  eden space 6144K, 100% used [0x00000000eab00000,0x00000000eb100000,0x00000000eb100000)
  from space 2560K, 82% used [0x00000000eb380000,0x00000000eb5925d8,0x00000000eb600000)
  to   space 2560K, 0% used [0x00000000eb100000,0x00000000eb100000,0x00000000eb380000)
 ParOldGen       total 462336K, used 462214K [0x00000000c0000000, 0x00000000dc380000, 0x00000000eab00000)
  object space 462336K, 99% used [0x00000000c0000000,0x00000000dc361938,0x00000000dc380000)
 Metaspace       used 72673K, committed 74240K, reserved 1114112K
  class space    used 8743K, committed 9408K, reserved 1048576K
}
Event: 156.350 GC heap after
{Heap after GC invocations=1115 (full 4):
 PSYoungGen      total 8704K, used 2506K [0x00000000eab00000, 0x00000000eb880000, 0x0000000100000000)
  eden space 6144K, 0% used [0x00000000eab00000,0x00000000eab00000,0x00000000eb100000)
  from space 2560K, 97% used [0x00000000eb100000,0x00000000eb372850,0x00000000eb380000)
  to   space 3072K, 0% used [0x00000000eb580000,0x00000000eb580000,0x00000000eb880000)
 ParOldGen       total 464384K, used 464236K [0x00000000c0000000, 0x00000000dc580000, 0x00000000eab00000)
  object space 464384K, 99% used [0x00000000c0000000,0x00000000dc55b110,0x00000000dc580000)
 Metaspace       used 72673K, committed 74240K, reserved 1114112K
  class space    used 8743K, committed 9408K, reserved 1048576K
}
Event: 156.356 GC heap before
{Heap before GC invocations=1116 (full 4):
 PSYoungGen      total 8704K, used 8650K [0x00000000eab00000, 0x00000000eb880000, 0x0000000100000000)
  eden space 6144K, 100% used [0x00000000eab00000,0x00000000eb100000,0x00000000eb100000)
  from space 2560K, 97% used [0x00000000eb100000,0x00000000eb372850,0x00000000eb380000)
  to   space 3072K, 0% used [0x00000000eb580000,0x00000000eb580000,0x00000000eb880000)
 ParOldGen       total 464384K, used 464236K [0x00000000c0000000, 0x00000000dc580000, 0x00000000eab00000)
  object space 464384K, 99% used [0x00000000c0000000,0x00000000dc55b110,0x00000000dc580000)
 Metaspace       used 72673K, committed 74240K, reserved 1114112K
  class space    used 8743K, committed 9408K, reserved 1048576K
}
Event: 156.359 GC heap after
{Heap after GC invocations=1116 (full 4):
 PSYoungGen      total 10240K, used 2520K [0x00000000eab00000, 0x00000000eb800000, 0x0000000100000000)
  eden space 7680K, 0% used [0x00000000eab00000,0x00000000eab00000,0x00000000eb280000)
  from space 2560K, 98% used [0x00000000eb580000,0x00000000eb7f6258,0x00000000eb800000)
  to   space 2560K, 0% used [0x00000000eb300000,0x00000000eb300000,0x00000000eb580000)
 ParOldGen       total 466944K, used 466574K [0x00000000c0000000, 0x00000000dc800000, 0x00000000eab00000)
  object space 466944K, 99% used [0x00000000c0000000,0x00000000dc7a3ab0,0x00000000dc800000)
 Metaspace       used 72673K, committed 74240K, reserved 1114112K
  class space    used 8743K, committed 9408K, reserved 1048576K
}
Event: 156.366 GC heap before
{Heap before GC invocations=1117 (full 4):
 PSYoungGen      total 10240K, used 10170K [0x00000000eab00000, 0x00000000eb800000, 0x0000000100000000)
  eden space 7680K, 99% used [0x00000000eab00000,0x00000000eb278600,0x00000000eb280000)
  from space 2560K, 98% used [0x00000000eb580000,0x00000000eb7f6258,0x00000000eb800000)
  to   space 2560K, 0% used [0x00000000eb300000,0x00000000eb300000,0x00000000eb580000)
 ParOldGen       total 466944K, used 466574K [0x00000000c0000000, 0x00000000dc800000, 0x00000000eab00000)
  object space 466944K, 99% used [0x00000000c0000000,0x00000000dc7a3ab0,0x00000000dc800000)
 Metaspace       used 72673K, committed 74240K, reserved 1114112K
  class space    used 8743K, committed 9408K, reserved 1048576K
}
Event: 156.368 GC heap after
{Heap after GC invocations=1117 (full 4):
 PSYoungGen      total 10752K, used 2552K [0x00000000eab00000, 0x00000000ec000000, 0x0000000100000000)
  eden space 8192K, 0% used [0x00000000eab00000,0x00000000eab00000,0x00000000eb300000)
  from space 2560K, 99% used [0x00000000eb300000,0x00000000eb57e090,0x00000000eb580000)
  to   space 6144K, 0% used [0x00000000eba00000,0x00000000eba00000,0x00000000ec000000)
 ParOldGen       total 469504K, used 469411K [0x00000000c0000000, 0x00000000dca80000, 0x00000000eab00000)
  object space 469504K, 99% used [0x00000000c0000000,0x00000000dca68d78,0x00000000dca80000)
 Metaspace       used 72673K, committed 74240K, reserved 1114112K
  class space    used 8743K, committed 9408K, reserved 1048576K
}
Event: 156.375 GC heap before
{Heap before GC invocations=1118 (full 4):
 PSYoungGen      total 10752K, used 10744K [0x00000000eab00000, 0x00000000ec000000, 0x0000000100000000)
  eden space 8192K, 100% used [0x00000000eab00000,0x00000000eb300000,0x00000000eb300000)
  from space 2560K, 99% used [0x00000000eb300000,0x00000000eb57e090,0x00000000eb580000)
  to   space 6144K, 0% used [0x00000000eba00000,0x00000000eba00000,0x00000000ec000000)
 ParOldGen       total 469504K, used 469411K [0x00000000c0000000, 0x00000000dca80000, 0x00000000eab00000)
  object space 469504K, 99% used [0x00000000c0000000,0x00000000dca68d78,0x00000000dca80000)
 Metaspace       used 72673K, committed 74240K, reserved 1114112K
  class space    used 8743K, committed 9408K, reserved 1048576K
}
Event: 156.378 GC heap after
{Heap after GC invocations=1118 (full 4):
 PSYoungGen      total 14336K, used 3422K [0x00000000eab00000, 0x00000000ebe00000, 0x0000000100000000)
  eden space 10240K, 0% used [0x00000000eab00000,0x00000000eab00000,0x00000000eb500000)
  from space 4096K, 83% used [0x00000000eba00000,0x00000000ebd57a30,0x00000000ebe00000)
  to   space 4608K, 0% used [0x00000000eb500000,0x00000000eb500000,0x00000000eb980000)
 ParOldGen       total 472064K, used 471806K [0x00000000c0000000, 0x00000000dcd00000, 0x00000000eab00000)
  object space 472064K, 99% used [0x00000000c0000000,0x00000000dccbf888,0x00000000dcd00000)
 Metaspace       used 72673K, committed 74240K, reserved 1114112K
  class space    used 8743K, committed 9408K, reserved 1048576K
}
Event: 156.385 GC heap before
{Heap before GC invocations=1119 (full 4):
 PSYoungGen      total 14336K, used 13662K [0x00000000eab00000, 0x00000000ebe00000, 0x0000000100000000)
  eden space 10240K, 100% used [0x00000000eab00000,0x00000000eb500000,0x00000000eb500000)
  from space 4096K, 83% used [0x00000000eba00000,0x00000000ebd57a30,0x00000000ebe00000)
  to   space 4608K, 0% used [0x00000000eb500000,0x00000000eb500000,0x00000000eb980000)
 ParOldGen       total 472064K, used 471806K [0x00000000c0000000, 0x00000000dcd00000, 0x00000000eab00000)
  object space 472064K, 99% used [0x00000000c0000000,0x00000000dccbf888,0x00000000dcd00000)
 Metaspace       used 72673K, committed 74240K, reserved 1114112K
  class space    used 8743K, committed 9408K, reserved 1048576K
}
Event: 156.388 GC heap after
{Heap after GC invocations=1119 (full 4):
 PSYoungGen      total 14848K, used 4383K [0x00000000eab00000, 0x00000000ec000000, 0x0000000100000000)
  eden space 10240K, 0% used [0x00000000eab00000,0x00000000eab00000,0x00000000eb500000)
  from space 4608K, 95% used [0x00000000eb500000,0x00000000eb947de0,0x00000000eb980000)
  to   space 4608K, 0% used [0x00000000ebb80000,0x00000000ebb80000,0x00000000ec000000)
 ParOldGen       total 475136K, used 475026K [0x00000000c0000000, 0x00000000dd000000, 0x00000000eab00000)
  object space 475136K, 99% used [0x00000000c0000000,0x00000000dcfe4898,0x00000000dd000000)
 Metaspace       used 72673K, committed 74240K, reserved 1114112K
  class space    used 8743K, committed 9408K, reserved 1048576K
}
Event: 156.398 GC heap before
{Heap before GC invocations=1120 (full 4):
 PSYoungGen      total 14848K, used 14396K [0x00000000eab00000, 0x00000000ec000000, 0x0000000100000000)
  eden space 10240K, 97% used [0x00000000eab00000,0x00000000eb4c74c0,0x00000000eb500000)
  from space 4608K, 95% used [0x00000000eb500000,0x00000000eb947de0,0x00000000eb980000)
  to   space 4608K, 0% used [0x00000000ebb80000,0x00000000ebb80000,0x00000000ec000000)
 ParOldGen       total 475136K, used 475026K [0x00000000c0000000, 0x00000000dd000000, 0x00000000eab00000)
  object space 475136K, 99% used [0x00000000c0000000,0x00000000dcfe4898,0x00000000dd000000)
 Metaspace       used 72673K, committed 74240K, reserved 1114112K
  class space    used 8743K, committed 9408K, reserved 1048576K
}
Event: 156.400 GC heap after
{Heap after GC invocations=1120 (full 4):
 PSYoungGen      total 16384K, used 3711K [0x00000000eab00000, 0x00000000ebf80000, 0x0000000100000000)
  eden space 12288K, 0% used [0x00000000eab00000,0x00000000eab00000,0x00000000eb700000)
  from space 4096K, 90% used [0x00000000ebb80000,0x00000000ebf1fde8,0x00000000ebf80000)
  to   space 4096K, 0% used [0x00000000eb780000,0x00000000eb780000,0x00000000ebb80000)
 ParOldGen       total 479232K, used 479160K [0x00000000c0000000, 0x00000000dd400000, 0x00000000eab00000)
  object space 479232K, 99% used [0x00000000c0000000,0x00000000dd3ee140,0x00000000dd400000)
 Metaspace       used 72673K, committed 74240K, reserved 1114112K
  class space    used 8743K, committed 9408K, reserved 1048576K
}

