# JRE version: OpenJDK Runtime Environment Temurin-21.0.6+7 (21.0.6+7) (build 21.0.6+7-LTS)
# Java VM: OpenJDK 64-Bit Server VM Temurin-21.0.6+7 (21.0.6+7-LTS, mixed mode, sharing, tiered, compressed oops, compressed class ptrs, g1 gc, windows-amd64)
GC Precious Log:
 CardTable entry size: 512
 Card Set container configuration: InlinePtr #cards 4 size 8 Array Of Cards #cards 32 size 80 Howl #buckets 8 coarsen threshold 7372 Howl Bitmap #cards 1024 size 144 coarsen threshold 921 Card regions per heap region 1 cards per card region 8192
 CPUs: 16 total, 16 available
 Memory: 16052M
 Large Page Support: Disabled
 NUMA Support: Disabled
 Compressed Oops: Enabled (Zero based)
 Heap Region Size: 4M
 Heap Min Capacity: 8M
 Heap Initial Capacity: 252M
 Heap Max Capacity: 8G
 Pre-touch: Disabled
 Parallel Workers: 13
 Concurrent Workers: 3
 Concurrent Refinement Workers: 13
 Periodic GC: Disabled
Heap:
 garbage-first heap   total 970752K, used 251918K [0x0000000600000000, 0x0000000800000000)
  region size 4096K, 9 young (36864K), 9 survivors (36864K)
 Metaspace       used 155532K, committed 158272K, reserved 1245184K
  class space    used 19464K, committed 20864K, reserved 1048576K
GC Heap History (20 events):
Event: 51.868 GC heap after
{Heap after GC invocations=90 (full 0):
 garbage-first heap   total 806912K, used 152738K [0x0000000600000000, 0x0000000800000000)
  region size 4096K, 4 young (16384K), 4 survivors (16384K)
 Metaspace       used 143412K, committed 145920K, reserved 1179648K
  class space    used 18183K, committed 19456K, reserved 1048576K
}
Event: 52.927 GC heap before
{Heap before GC invocations=90 (full 0):
 garbage-first heap   total 806912K, used 619682K [0x0000000600000000, 0x0000000800000000)
  region size 4096K, 118 young (483328K), 4 survivors (16384K)
 Metaspace       used 143412K, committed 145920K, reserved 1179648K
  class space    used 18183K, committed 19456K, reserved 1048576K
}
Event: 52.938 GC heap after
{Heap after GC invocations=91 (full 0):
 garbage-first heap   total 806912K, used 153407K [0x0000000600000000, 0x0000000800000000)
  region size 4096K, 4 young (16384K), 4 survivors (16384K)
 Metaspace       used 143412K, committed 145920K, reserved 1179648K
  class space    used 18183K, committed 19456K, reserved 1048576K
}
Event: 56.824 GC heap before
{Heap before GC invocations=91 (full 0):
 garbage-first heap   total 806912K, used 628543K [0x0000000600000000, 0x0000000800000000)
  region size 4096K, 118 young (483328K), 4 survivors (16384K)
 Metaspace       used 152988K, committed 155712K, reserved 1245184K
  class space    used 19247K, committed 20608K, reserved 1048576K
}
Event: 56.843 GC heap after
{Heap after GC invocations=92 (full 0):
 garbage-first heap   total 806912K, used 193053K [0x0000000600000000, 0x0000000800000000)
  region size 4096K, 14 young (57344K), 14 survivors (57344K)
 Metaspace       used 152988K, committed 155712K, reserved 1245184K
  class space    used 19247K, committed 20608K, reserved 1048576K
}
Event: 57.384 GC heap before
{Heap before GC invocations=92 (full 0):
 garbage-first heap   total 806912K, used 614941K [0x0000000600000000, 0x0000000800000000)
  region size 4096K, 118 young (483328K), 14 survivors (57344K)
 Metaspace       used 153801K, committed 156480K, reserved 1245184K
  class space    used 19323K, committed 20672K, reserved 1048576K
}
Event: 57.403 GC heap after
{Heap after GC invocations=93 (full 0):
 garbage-first heap   total 806912K, used 203711K [0x0000000600000000, 0x0000000800000000)
  region size 4096K, 4 young (16384K), 4 survivors (16384K)
 Metaspace       used 153801K, committed 156480K, reserved 1245184K
  class space    used 19323K, committed 20672K, reserved 1048576K
}
Event: 57.590 GC heap before
{Heap before GC invocations=93 (full 0):
 garbage-first heap   total 806912K, used 666559K [0x0000000600000000, 0x0000000800000000)
  region size 4096K, 118 young (483328K), 4 survivors (16384K)
 Metaspace       used 154071K, committed 156800K, reserved 1245184K
  class space    used 19348K, committed 20736K, reserved 1048576K
}
Event: 57.596 GC heap after
{Heap after GC invocations=94 (full 0):
 garbage-first heap   total 806912K, used 209670K [0x0000000600000000, 0x0000000800000000)
  region size 4096K, 5 young (20480K), 5 survivors (20480K)
 Metaspace       used 154071K, committed 156800K, reserved 1245184K
  class space    used 19348K, committed 20736K, reserved 1048576K
}
Event: 57.899 GC heap before
{Heap before GC invocations=94 (full 0):
 garbage-first heap   total 806912K, used 672518K [0x0000000600000000, 0x0000000800000000)
  region size 4096K, 118 young (483328K), 5 survivors (20480K)
 Metaspace       used 155348K, committed 158080K, reserved 1245184K
  class space    used 19462K, committed 20864K, reserved 1048576K
}
Event: 57.908 GC heap after
{Heap after GC invocations=95 (full 0):
 garbage-first heap   total 806912K, used 222426K [0x0000000600000000, 0x0000000800000000)
  region size 4096K, 9 young (36864K), 9 survivors (36864K)
 Metaspace       used 155348K, committed 158080K, reserved 1245184K
  class space    used 19462K, committed 20864K, reserved 1048576K
}
Event: 58.179 GC heap before
{Heap before GC invocations=95 (full 0):
 garbage-first heap   total 806912K, used 664794K [0x0000000600000000, 0x0000000800000000)
  region size 4096K, 119 young (487424K), 9 survivors (36864K)
 Metaspace       used 155460K, committed 158208K, reserved 1245184K
  class space    used 19462K, committed 20864K, reserved 1048576K
}
Event: 58.191 GC heap after
{Heap after GC invocations=96 (full 0):
 garbage-first heap   total 970752K, used 236107K [0x0000000600000000, 0x0000000800000000)
  region size 4096K, 12 young (49152K), 12 survivors (49152K)
 Metaspace       used 155460K, committed 158208K, reserved 1245184K
  class space    used 19462K, committed 20864K, reserved 1048576K
}
Event: 58.535 GC heap before
{Heap before GC invocations=96 (full 0):
 garbage-first heap   total 970752K, used 768587K [0x0000000600000000, 0x0000000800000000)
  region size 4096K, 142 young (581632K), 12 survivors (49152K)
 Metaspace       used 155515K, committed 158272K, reserved 1245184K
  class space    used 19463K, committed 20864K, reserved 1048576K
}
Event: 58.549 GC heap after
{Heap after GC invocations=97 (full 0):
 garbage-first heap   total 970752K, used 241904K [0x0000000600000000, 0x0000000800000000)
  region size 4096K, 12 young (49152K), 12 survivors (49152K)
 Metaspace       used 155515K, committed 158272K, reserved 1245184K
  class space    used 19463K, committed 20864K, reserved 1048576K
}
Event: 58.713 GC heap before
{Heap before GC invocations=97 (full 0):
 garbage-first heap   total 970752K, used 774384K [0x0000000600000000, 0x0000000800000000)
  region size 4096K, 142 young (581632K), 12 survivors (49152K)
 Metaspace       used 155515K, committed 158272K, reserved 1245184K
  class space    used 19463K, committed 20864K, reserved 1048576K
}
Event: 58.724 GC heap after
{Heap after GC invocations=98 (full 0):
 garbage-first heap   total 970752K, used 247675K [0x0000000600000000, 0x0000000800000000)
  region size 4096K, 11 young (45056K), 11 survivors (45056K)
 Metaspace       used 155515K, committed 158272K, reserved 1245184K
  class space    used 19463K, committed 20864K, reserved 1048576K
}
Event: 58.929 GC heap before
{Heap before GC invocations=98 (full 0):
 garbage-first heap   total 970752K, used 784251K [0x0000000600000000, 0x0000000800000000)
  region size 4096K, 142 young (581632K), 11 survivors (45056K)
 Metaspace       used 155528K, committed 158272K, reserved 1245184K
  class space    used 19464K, committed 20864K, reserved 1048576K
}
Event: 58.938 GC heap after
{Heap after GC invocations=99 (full 0):
 garbage-first heap   total 970752K, used 245275K [0x0000000600000000, 0x0000000800000000)
  region size 4096K, 8 young (32768K), 8 survivors (32768K)
 Metaspace       used 155528K, committed 158272K, reserved 1245184K
  class space    used 19464K, committed 20864K, reserved 1048576K
}
Event: 59.215 GC heap before
{Heap before GC invocations=99 (full 0):
 garbage-first heap   total 970752K, used 794139K [0x0000000600000000, 0x0000000800000000)
  region size 4096K, 142 young (581632K), 8 survivors (32768K)
 Metaspace       used 155532K, committed 158272K, reserved 1245184K
  class space    used 19464K, committed 20864K, reserved 1048576K
}

