# JRE version: OpenJDK Runtime Environment (17.0.7) (build 17.0.7+0-b2043.56-10550314)
# Java VM: OpenJDK 64-Bit Server VM (17.0.7+0-b2043.56-10550314, mixed mode, tiered, compressed oops, compressed class ptrs, g1 gc, windows-amd64)
GC Precious Log:
 CPUs: 16 total, 16 available
 Memory: 16052M
 Large Page Support: Disabled
 NUMA Support: Disabled
 Compressed Oops: Enabled (Zero based)
 Heap Region Size: 4M
 Heap Min Capacity: 8M
 Heap Initial Capacity: 252M
 Heap Max Capacity: 8G
 Pre-touch: Disabled
 Parallel Workers: 13
 Concurrent Workers: 3
 Concurrent Refinement Workers: 13
 Periodic GC: Disabled
Heap:
 garbage-first heap   total 98304K, used 53896K [0x0000000600000000, 0x0000000800000000)
  region size 4096K, 7 young (28672K), 2 survivors (8192K)
 Metaspace       used 62175K, committed 62656K, reserved 1114112K
  class space    used 8440K, committed 8640K, reserved 1048576K
GC Heap History (20 events):
Event: 3.798 GC heap before
{Heap before GC invocations=5 (full 0):
 garbage-first heap   total 98304K, used 65099K [0x0000000600000000, 0x0000000800000000)
  region size 4096K, 14 young (57344K), 3 survivors (12288K)
 Metaspace       used 27257K, committed 27520K, reserved 1114112K
  class space    used 3510K, committed 3648K, reserved 1048576K
}
Event: 3.803 GC heap after
{Heap after GC invocations=6 (full 0):
 garbage-first heap   total 98304K, used 22135K [0x0000000600000000, 0x0000000800000000)
  region size 4096K, 1 young (4096K), 1 survivors (4096K)
 Metaspace       used 27257K, committed 27520K, reserved 1114112K
  class space    used 3510K, committed 3648K, reserved 1048576K
}
Event: 3.879 GC heap before
{Heap before GC invocations=6 (full 0):
 garbage-first heap   total 98304K, used 26231K [0x0000000600000000, 0x0000000800000000)
  region size 4096K, 2 young (8192K), 1 survivors (4096K)
 Metaspace       used 27640K, committed 27904K, reserved 1114112K
  class space    used 3583K, committed 3712K, reserved 1048576K
}
Event: 3.883 GC heap after
{Heap after GC invocations=7 (full 0):
 garbage-first heap   total 98304K, used 22518K [0x0000000600000000, 0x0000000800000000)
  region size 4096K, 1 young (4096K), 1 survivors (4096K)
 Metaspace       used 27640K, committed 27904K, reserved 1114112K
  class space    used 3583K, committed 3712K, reserved 1048576K
}
Event: 4.653 GC heap before
{Heap before GC invocations=7 (full 0):
 garbage-first heap   total 98304K, used 63478K [0x0000000600000000, 0x0000000800000000)
  region size 4096K, 11 young (45056K), 1 survivors (4096K)
 Metaspace       used 32846K, committed 33152K, reserved 1114112K
  class space    used 4416K, committed 4544K, reserved 1048576K
}
Event: 4.656 GC heap after
{Heap after GC invocations=8 (full 0):
 garbage-first heap   total 98304K, used 24058K [0x0000000600000000, 0x0000000800000000)
  region size 4096K, 1 young (4096K), 1 survivors (4096K)
 Metaspace       used 32846K, committed 33152K, reserved 1114112K
  class space    used 4416K, committed 4544K, reserved 1048576K
}
Event: 4.922 GC heap before
{Heap before GC invocations=8 (full 0):
 garbage-first heap   total 98304K, used 40442K [0x0000000600000000, 0x0000000800000000)
  region size 4096K, 6 young (24576K), 1 survivors (4096K)
 Metaspace       used 35648K, committed 35968K, reserved 1114112K
  class space    used 4760K, committed 4928K, reserved 1048576K
}
Event: 4.924 GC heap after
{Heap after GC invocations=9 (full 0):
 garbage-first heap   total 98304K, used 25406K [0x0000000600000000, 0x0000000800000000)
  region size 4096K, 1 young (4096K), 1 survivors (4096K)
 Metaspace       used 35648K, committed 35968K, reserved 1114112K
  class space    used 4760K, committed 4928K, reserved 1048576K
}
Event: 5.522 GC heap before
{Heap before GC invocations=10 (full 0):
 garbage-first heap   total 98304K, used 70462K [0x0000000600000000, 0x0000000800000000)
  region size 4096K, 12 young (49152K), 1 survivors (4096K)
 Metaspace       used 41995K, committed 42368K, reserved 1114112K
  class space    used 5399K, committed 5568K, reserved 1048576K
}
Event: 5.528 GC heap after
{Heap after GC invocations=11 (full 0):
 garbage-first heap   total 98304K, used 29363K [0x0000000600000000, 0x0000000800000000)
  region size 4096K, 2 young (8192K), 2 survivors (8192K)
 Metaspace       used 41995K, committed 42368K, reserved 1114112K
  class space    used 5399K, committed 5568K, reserved 1048576K
}
Event: 6.306 GC heap before
{Heap before GC invocations=11 (full 0):
 garbage-first heap   total 98304K, used 70323K [0x0000000600000000, 0x0000000800000000)
  region size 4096K, 12 young (49152K), 2 survivors (8192K)
 Metaspace       used 44052K, committed 44544K, reserved 1114112K
  class space    used 5744K, committed 5952K, reserved 1048576K
}
Event: 6.312 GC heap after
{Heap after GC invocations=12 (full 0):
 garbage-first heap   total 98304K, used 30732K [0x0000000600000000, 0x0000000800000000)
  region size 4096K, 2 young (8192K), 2 survivors (8192K)
 Metaspace       used 44052K, committed 44544K, reserved 1114112K
  class space    used 5744K, committed 5952K, reserved 1048576K
}
Event: 6.733 GC heap before
{Heap before GC invocations=12 (full 0):
 garbage-first heap   total 98304K, used 67596K [0x0000000600000000, 0x0000000800000000)
  region size 4096K, 11 young (45056K), 2 survivors (8192K)
 Metaspace       used 48500K, committed 48960K, reserved 1114112K
  class space    used 6451K, committed 6656K, reserved 1048576K
}
Event: 6.736 GC heap after
{Heap after GC invocations=13 (full 0):
 garbage-first heap   total 98304K, used 32219K [0x0000000600000000, 0x0000000800000000)
  region size 4096K, 1 young (4096K), 1 survivors (4096K)
 Metaspace       used 48500K, committed 48960K, reserved 1114112K
  class space    used 6451K, committed 6656K, reserved 1048576K
}
Event: 6.996 GC heap before
{Heap before GC invocations=13 (full 0):
 garbage-first heap   total 98304K, used 69083K [0x0000000600000000, 0x0000000800000000)
  region size 4096K, 10 young (40960K), 1 survivors (4096K)
 Metaspace       used 50137K, committed 50624K, reserved 1114112K
  class space    used 6709K, committed 6912K, reserved 1048576K
}
Event: 6.999 GC heap after
{Heap after GC invocations=14 (full 0):
 garbage-first heap   total 98304K, used 33542K [0x0000000600000000, 0x0000000800000000)
  region size 4096K, 2 young (8192K), 2 survivors (8192K)
 Metaspace       used 50137K, committed 50624K, reserved 1114112K
  class space    used 6709K, committed 6912K, reserved 1048576K
}
Event: 7.510 GC heap before
{Heap before GC invocations=14 (full 0):
 garbage-first heap   total 98304K, used 70406K [0x0000000600000000, 0x0000000800000000)
  region size 4096K, 11 young (45056K), 2 survivors (8192K)
 Metaspace       used 53727K, committed 54272K, reserved 1114112K
  class space    used 7309K, committed 7552K, reserved 1048576K
}
Event: 7.514 GC heap after
{Heap after GC invocations=15 (full 0):
 garbage-first heap   total 98304K, used 34636K [0x0000000600000000, 0x0000000800000000)
  region size 4096K, 2 young (8192K), 2 survivors (8192K)
 Metaspace       used 53727K, committed 54272K, reserved 1114112K
  class space    used 7309K, committed 7552K, reserved 1048576K
}
Event: 8.004 GC heap before
{Heap before GC invocations=15 (full 0):
 garbage-first heap   total 98304K, used 63308K [0x0000000600000000, 0x0000000800000000)
  region size 4096K, 10 young (40960K), 2 survivors (8192K)
 Metaspace       used 59703K, committed 60160K, reserved 1114112K
  class space    used 8091K, committed 8320K, reserved 1048576K
}
Event: 8.011 GC heap after
{Heap after GC invocations=16 (full 0):
 garbage-first heap   total 98304K, used 37512K [0x0000000600000000, 0x0000000800000000)
  region size 4096K, 2 young (8192K), 2 survivors (8192K)
 Metaspace       used 59703K, committed 60160K, reserved 1114112K
  class space    used 8091K, committed 8320K, reserved 1048576K
}

