# JRE version: OpenJDK Runtime Environment (17.0.7) (build 17.0.7+0-b2043.56-10550314)
# Java VM: OpenJDK 64-Bit Server VM (17.0.7+0-b2043.56-10550314, mixed mode, tiered, compressed oops, compressed class ptrs, g1 gc, windows-amd64)
GC Precious Log:
 CPUs: 16 total, 16 available
 Memory: 16052M
 Large Page Support: Disabled
 NUMA Support: Disabled
 Compressed Oops: Enabled (Zero based)
 Heap Region Size: 4M
 Heap Min Capacity: 8M
 Heap Initial Capacity: 252M
 Heap Max Capacity: 8G
 Pre-touch: Disabled
 Parallel Workers: 13
 Concurrent Workers: 3
 Concurrent Refinement Workers: 13
 Periodic GC: Disabled
Heap:
 garbage-first heap   total 114688K, used 82098K [0x0000000600000000, 0x0000000800000000)
  region size 4096K, 9 young (36864K), 1 survivors (4096K)
 Metaspace       used 73510K, committed 74112K, reserved 1114112K
  class space    used 10321K, committed 10624K, reserved 1048576K
GC Heap History (20 events):
Event: 4.231 GC heap before
{Heap before GC invocations=11 (full 0):
 garbage-first heap   total 81920K, used 58569K [0x0000000600000000, 0x0000000800000000)
  region size 4096K, 9 young (36864K), 2 survivors (8192K)
 Metaspace       used 42269K, committed 42688K, reserved 1114112K
  class space    used 5439K, committed 5632K, reserved 1048576K
}
Event: 4.234 GC heap after
{Heap after GC invocations=12 (full 0):
 garbage-first heap   total 114688K, used 29862K [0x0000000600000000, 0x0000000800000000)
  region size 4096K, 1 young (4096K), 1 survivors (4096K)
 Metaspace       used 42269K, committed 42688K, reserved 1114112K
  class space    used 5439K, committed 5632K, reserved 1048576K
}
Event: 4.859 GC heap before
{Heap before GC invocations=12 (full 0):
 garbage-first heap   total 114688K, used 83110K [0x0000000600000000, 0x0000000800000000)
  region size 4096K, 14 young (57344K), 1 survivors (4096K)
 Metaspace       used 47374K, committed 47808K, reserved 1114112K
  class space    used 6271K, committed 6464K, reserved 1048576K
}
Event: 4.862 GC heap after
{Heap after GC invocations=13 (full 0):
 garbage-first heap   total 114688K, used 32647K [0x0000000600000000, 0x0000000800000000)
  region size 4096K, 2 young (8192K), 2 survivors (8192K)
 Metaspace       used 47374K, committed 47808K, reserved 1114112K
  class space    used 6271K, committed 6464K, reserved 1048576K
}
Event: 5.546 GC heap before
{Heap before GC invocations=13 (full 0):
 garbage-first heap   total 114688K, used 85895K [0x0000000600000000, 0x0000000800000000)
  region size 4096K, 15 young (61440K), 2 survivors (8192K)
 Metaspace       used 50944K, committed 51456K, reserved 1114112K
  class space    used 6870K, committed 7104K, reserved 1048576K
}
Event: 5.550 GC heap after
{Heap after GC invocations=14 (full 0):
 garbage-first heap   total 114688K, used 34402K [0x0000000600000000, 0x0000000800000000)
  region size 4096K, 2 young (8192K), 2 survivors (8192K)
 Metaspace       used 50944K, committed 51456K, reserved 1114112K
  class space    used 6870K, committed 7104K, reserved 1048576K
}
Event: 6.197 GC heap before
{Heap before GC invocations=14 (full 0):
 garbage-first heap   total 114688K, used 83554K [0x0000000600000000, 0x0000000800000000)
  region size 4096K, 14 young (57344K), 2 survivors (8192K)
 Metaspace       used 55446K, committed 56000K, reserved 1114112K
  class space    used 7571K, committed 7808K, reserved 1048576K
}
Event: 6.202 GC heap after
{Heap after GC invocations=15 (full 0):
 garbage-first heap   total 114688K, used 37373K [0x0000000600000000, 0x0000000800000000)
  region size 4096K, 2 young (8192K), 2 survivors (8192K)
 Metaspace       used 55446K, committed 56000K, reserved 1114112K
  class space    used 7571K, committed 7808K, reserved 1048576K
}
Event: 6.792 GC heap before
{Heap before GC invocations=15 (full 0):
 garbage-first heap   total 114688K, used 82429K [0x0000000600000000, 0x0000000800000000)
  region size 4096K, 14 young (57344K), 2 survivors (8192K)
 Metaspace       used 58673K, committed 59136K, reserved 1114112K
  class space    used 8153K, committed 8384K, reserved 1048576K
}
Event: 6.796 GC heap after
{Heap after GC invocations=16 (full 0):
 garbage-first heap   total 114688K, used 40610K [0x0000000600000000, 0x0000000800000000)
  region size 4096K, 2 young (8192K), 2 survivors (8192K)
 Metaspace       used 58673K, committed 59136K, reserved 1114112K
  class space    used 8153K, committed 8384K, reserved 1048576K
}
Event: 6.960 GC heap before
{Heap before GC invocations=16 (full 0):
 garbage-first heap   total 114688K, used 52898K [0x0000000600000000, 0x0000000800000000)
  region size 4096K, 6 young (24576K), 2 survivors (8192K)
 Metaspace       used 59800K, committed 60288K, reserved 1114112K
  class space    used 8357K, committed 8576K, reserved 1048576K
}
Event: 6.963 GC heap after
{Heap after GC invocations=17 (full 0):
 garbage-first heap   total 114688K, used 41422K [0x0000000600000000, 0x0000000800000000)
  region size 4096K, 1 young (4096K), 1 survivors (4096K)
 Metaspace       used 59800K, committed 60288K, reserved 1114112K
  class space    used 8357K, committed 8576K, reserved 1048576K
}
Event: 7.317 GC heap before
{Heap before GC invocations=18 (full 0):
 garbage-first heap   total 114688K, used 90574K [0x0000000600000000, 0x0000000800000000)
  region size 4096K, 12 young (49152K), 1 survivors (4096K)
 Metaspace       used 63922K, committed 64448K, reserved 1114112K
  class space    used 8940K, committed 9216K, reserved 1048576K
}
Event: 7.321 GC heap after
{Heap after GC invocations=19 (full 0):
 garbage-first heap   total 114688K, used 49988K [0x0000000600000000, 0x0000000800000000)
  region size 4096K, 2 young (8192K), 2 survivors (8192K)
 Metaspace       used 63922K, committed 64448K, reserved 1114112K
  class space    used 8940K, committed 9216K, reserved 1048576K
}
Event: 7.782 GC heap before
{Heap before GC invocations=19 (full 0):
 garbage-first heap   total 114688K, used 86852K [0x0000000600000000, 0x0000000800000000)
  region size 4096K, 11 young (45056K), 2 survivors (8192K)
 Metaspace       used 67761K, committed 68352K, reserved 1114112K
  class space    used 9501K, committed 9792K, reserved 1048576K
}
Event: 7.786 GC heap after
{Heap after GC invocations=20 (full 0):
 garbage-first heap   total 114688K, used 51717K [0x0000000600000000, 0x0000000800000000)
  region size 4096K, 1 young (4096K), 1 survivors (4096K)
 Metaspace       used 67761K, committed 68352K, reserved 1114112K
  class space    used 9501K, committed 9792K, reserved 1048576K
}
Event: 7.949 GC heap before
{Heap before GC invocations=20 (full 0):
 garbage-first heap   total 114688K, used 72197K [0x0000000600000000, 0x0000000800000000)
  region size 4096K, 7 young (28672K), 1 survivors (4096K)
 Metaspace       used 69147K, committed 69760K, reserved 1114112K
  class space    used 9691K, committed 9984K, reserved 1048576K
}
Event: 7.952 GC heap after
{Heap after GC invocations=21 (full 0):
 garbage-first heap   total 114688K, used 51978K [0x0000000600000000, 0x0000000800000000)
  region size 4096K, 1 young (4096K), 1 survivors (4096K)
 Metaspace       used 69147K, committed 69760K, reserved 1114112K
  class space    used 9691K, committed 9984K, reserved 1048576K
}
Event: 8.367 GC heap before
{Heap before GC invocations=22 (full 0):
 garbage-first heap   total 114688K, used 92938K [0x0000000600000000, 0x0000000800000000)
  region size 4096K, 10 young (40960K), 1 survivors (4096K)
 Metaspace       used 71443K, committed 72064K, reserved 1114112K
  class space    used 10031K, committed 10368K, reserved 1048576K
}
Event: 8.370 GC heap after
{Heap after GC invocations=23 (full 0):
 garbage-first heap   total 114688K, used 57522K [0x0000000600000000, 0x0000000800000000)
  region size 4096K, 1 young (4096K), 1 survivors (4096K)
 Metaspace       used 71443K, committed 72064K, reserved 1114112K
  class space    used 10031K, committed 10368K, reserved 1048576K
}

