# JRE version: OpenJDK Runtime Environment (17.0.7) (build 17.0.7+0-b2043.56-10550314)
# Java VM: OpenJDK 64-Bit Server VM (17.0.7+0-b2043.56-10550314, mixed mode, tiered, compressed oops, compressed class ptrs, g1 gc, windows-amd64)
GC Precious Log:
 CPUs: 16 total, 16 available
 Memory: 16052M
 Large Page Support: Disabled
 NUMA Support: Disabled
 Compressed Oops: Enabled (Zero based)
 Heap Region Size: 4M
 Heap Min Capacity: 8M
 Heap Initial Capacity: 252M
 Heap Max Capacity: 6G
 Pre-touch: Disabled
 Parallel Workers: 13
 Concurrent Workers: 3
 Concurrent Refinement Workers: 13
 Periodic GC: Disabled
Heap:
 garbage-first heap   total 499712K, used 287488K [0x0000000680000000, 0x0000000800000000)
  region size 4096K, 2 young (8192K), 2 survivors (8192K)
 Metaspace       used 144765K, committed 145920K, reserved 983040K
  class space    used 20224K, committed 20800K, reserved 851968K
GC Heap History (20 events):
Event: 21.659 GC heap after
{Heap after GC invocations=55 (full 0):
 garbage-first heap   total 274432K, used 164110K [0x0000000680000000, 0x0000000800000000)
  region size 4096K, 3 young (12288K), 3 survivors (12288K)
 Metaspace       used 124509K, committed 125568K, reserved 983040K
  class space    used 17314K, committed 17792K, reserved 851968K
}
Event: 22.428 GC heap before
{Heap before GC invocations=56 (full 0):
 garbage-first heap   total 307200K, used 213262K [0x0000000680000000, 0x0000000800000000)
  region size 4096K, 16 young (65536K), 3 survivors (12288K)
 Metaspace       used 126524K, committed 127616K, reserved 983040K
  class space    used 17490K, committed 18048K, reserved 851968K
}
Event: 22.435 GC heap after
{Heap after GC invocations=57 (full 0):
 garbage-first heap   total 307200K, used 166497K [0x0000000680000000, 0x0000000800000000)
  region size 4096K, 2 young (8192K), 2 survivors (8192K)
 Metaspace       used 126524K, committed 127616K, reserved 983040K
  class space    used 17490K, committed 18048K, reserved 851968K
}
Event: 22.937 GC heap before
{Heap before GC invocations=57 (full 0):
 garbage-first heap   total 307200K, used 248417K [0x0000000680000000, 0x0000000800000000)
  region size 4096K, 23 young (94208K), 2 survivors (8192K)
 Metaspace       used 126810K, committed 127936K, reserved 983040K
  class space    used 17513K, committed 18048K, reserved 851968K
}
Event: 22.944 GC heap after
{Heap after GC invocations=58 (full 0):
 garbage-first heap   total 368640K, used 170760K [0x0000000680000000, 0x0000000800000000)
  region size 4096K, 2 young (8192K), 2 survivors (8192K)
 Metaspace       used 126810K, committed 127936K, reserved 983040K
  class space    used 17513K, committed 18048K, reserved 851968K
}
Event: 23.896 GC heap before
{Heap before GC invocations=59 (full 0):
 garbage-first heap   total 368640K, used 293640K [0x0000000680000000, 0x0000000800000000)
  region size 4096K, 34 young (139264K), 2 survivors (8192K)
 Metaspace       used 129790K, committed 130880K, reserved 983040K
  class space    used 17878K, committed 18368K, reserved 851968K
}
Event: 23.905 GC heap after
{Heap after GC invocations=60 (full 0):
 garbage-first heap   total 368640K, used 186318K [0x0000000680000000, 0x0000000800000000)
  region size 4096K, 5 young (20480K), 5 survivors (20480K)
 Metaspace       used 129790K, committed 130880K, reserved 983040K
  class space    used 17878K, committed 18368K, reserved 851968K
}
Event: 24.585 GC heap before
{Heap before GC invocations=61 (full 0):
 garbage-first heap   total 368640K, used 264142K [0x0000000680000000, 0x0000000800000000)
  region size 4096K, 25 young (102400K), 5 survivors (20480K)
 Metaspace       used 135123K, committed 136256K, reserved 983040K
  class space    used 18581K, committed 19136K, reserved 851968K
}
Event: 24.594 GC heap after
{Heap after GC invocations=62 (full 0):
 garbage-first heap   total 368640K, used 204435K [0x0000000680000000, 0x0000000800000000)
  region size 4096K, 4 young (16384K), 4 survivors (16384K)
 Metaspace       used 135123K, committed 136256K, reserved 983040K
  class space    used 18581K, committed 19136K, reserved 851968K
}
Event: 25.324 GC heap before
{Heap before GC invocations=63 (full 0):
 garbage-first heap   total 376832K, used 298643K [0x0000000680000000, 0x0000000800000000)
  region size 4096K, 26 young (106496K), 4 survivors (16384K)
 Metaspace       used 139098K, committed 140288K, reserved 983040K
  class space    used 19429K, committed 19968K, reserved 851968K
}
Event: 25.339 GC heap after
{Heap after GC invocations=64 (full 0):
 garbage-first heap   total 376832K, used 232279K [0x0000000680000000, 0x0000000800000000)
  region size 4096K, 4 young (16384K), 4 survivors (16384K)
 Metaspace       used 139098K, committed 140288K, reserved 983040K
  class space    used 19429K, committed 19968K, reserved 851968K
}
Event: 25.355 GC heap before
{Heap before GC invocations=64 (full 0):
 garbage-first heap   total 376832K, used 236375K [0x0000000680000000, 0x0000000800000000)
  region size 4096K, 5 young (20480K), 4 survivors (16384K)
 Metaspace       used 139119K, committed 140288K, reserved 983040K
  class space    used 19429K, committed 19968K, reserved 851968K
}
Event: 25.368 GC heap after
{Heap after GC invocations=65 (full 0):
 garbage-first heap   total 376832K, used 234303K [0x0000000680000000, 0x0000000800000000)
  region size 4096K, 1 young (4096K), 1 survivors (4096K)
 Metaspace       used 139119K, committed 140288K, reserved 983040K
  class space    used 19429K, committed 19968K, reserved 851968K
}
Event: 25.524 GC heap before
{Heap before GC invocations=65 (full 0):
 garbage-first heap   total 376832K, used 295743K [0x0000000680000000, 0x0000000800000000)
  region size 4096K, 16 young (65536K), 1 survivors (4096K)
 Metaspace       used 139297K, committed 140480K, reserved 983040K
  class space    used 19431K, committed 19968K, reserved 851968K
}
Event: 25.539 GC heap after
{Heap after GC invocations=66 (full 0):
 garbage-first heap   total 376832K, used 264521K [0x0000000680000000, 0x0000000800000000)
  region size 4096K, 2 young (8192K), 2 survivors (8192K)
 Metaspace       used 139297K, committed 140480K, reserved 983040K
  class space    used 19431K, committed 19968K, reserved 851968K
}
Event: 25.852 GC heap before
{Heap before GC invocations=67 (full 0):
 garbage-first heap   total 499712K, used 293193K [0x0000000680000000, 0x0000000800000000)
  region size 4096K, 10 young (40960K), 2 survivors (8192K)
 Metaspace       used 139920K, committed 141120K, reserved 983040K
  class space    used 19525K, committed 20096K, reserved 851968K
}
Event: 25.863 GC heap after
{Heap after GC invocations=68 (full 0):
 garbage-first heap   total 499712K, used 280160K [0x0000000680000000, 0x0000000800000000)
  region size 4096K, 2 young (8192K), 2 survivors (8192K)
 Metaspace       used 139920K, committed 141120K, reserved 983040K
  class space    used 19525K, committed 20096K, reserved 851968K
}
Event: 26.163 GC heap before
{Heap before GC invocations=68 (full 0):
 garbage-first heap   total 499712K, used 296544K [0x0000000680000000, 0x0000000800000000)
  region size 4096K, 6 young (24576K), 2 survivors (8192K)
 Metaspace       used 141988K, committed 143168K, reserved 983040K
  class space    used 19803K, committed 20352K, reserved 851968K
}
Event: 26.171 GC heap after
{Heap after GC invocations=69 (full 0):
 garbage-first heap   total 499712K, used 282050K [0x0000000680000000, 0x0000000800000000)
  region size 4096K, 1 young (4096K), 1 survivors (4096K)
 Metaspace       used 141988K, committed 143168K, reserved 983040K
  class space    used 19803K, committed 20352K, reserved 851968K
}
Event: 27.528 GC heap before
{Heap before GC invocations=69 (full 0):
 garbage-first heap   total 499712K, used 363970K [0x0000000680000000, 0x0000000800000000)
  region size 4096K, 21 young (86016K), 1 survivors (4096K)
 Metaspace       used 144765K, committed 145920K, reserved 983040K
  class space    used 20224K, committed 20800K, reserved 851968K
}

