# JRE version: OpenJDK Runtime Environment (17.0.7) (build 17.0.7+0-b2043.56-10550314)
# Java VM: OpenJDK 64-Bit Server VM (17.0.7+0-b2043.56-10550314, mixed mode, tiered, compressed oops, compressed class ptrs, g1 gc, windows-amd64)
GC Precious Log:
 CPUs: 16 total, 16 available
 Memory: 16052M
 Large Page Support: Disabled
 NUMA Support: Disabled
 Compressed Oops: Enabled (Zero based)
 Heap Region Size: 4M
 Heap Min Capacity: 8M
 Heap Initial Capacity: 252M
 Heap Max Capacity: 8G
 Pre-touch: Disabled
 Parallel Workers: 13
 Concurrent Workers: 3
 Concurrent Refinement Workers: 13
 Periodic GC: Disabled
Heap:
 garbage-first heap   total 208896K, used 148483K [0x0000000600000000, 0x0000000800000000)
  region size 4096K, 13 young (53248K), 2 survivors (8192K)
 Metaspace       used 105676K, committed 106496K, reserved 1179648K
  class space    used 14642K, committed 15040K, reserved 1048576K
GC Heap History (20 events):
Event: 9.501 GC heap before
{Heap before GC invocations=20 (full 0):
 garbage-first heap   total 131072K, used 101993K [0x0000000600000000, 0x0000000800000000)
  region size 4096K, 12 young (49152K), 2 survivors (8192K)
 Metaspace       used 82910K, committed 83584K, reserved 1179648K
  class space    used 11597K, committed 11904K, reserved 1048576K
}
Event: 9.506 GC heap after
{Heap after GC invocations=21 (full 0):
 garbage-first heap   total 159744K, used 64593K [0x0000000600000000, 0x0000000800000000)
  region size 4096K, 2 young (8192K), 2 survivors (8192K)
 Metaspace       used 82910K, committed 83584K, reserved 1179648K
  class space    used 11597K, committed 11904K, reserved 1048576K
}
Event: 10.300 GC heap before
{Heap before GC invocations=21 (full 0):
 garbage-first heap   total 159744K, used 117841K [0x0000000600000000, 0x0000000800000000)
  region size 4096K, 16 young (65536K), 2 survivors (8192K)
 Metaspace       used 85631K, committed 86272K, reserved 1179648K
  class space    used 11980K, committed 12288K, reserved 1048576K
}
Event: 10.306 GC heap after
{Heap after GC invocations=22 (full 0):
 garbage-first heap   total 159744K, used 69388K [0x0000000600000000, 0x0000000800000000)
  region size 4096K, 2 young (8192K), 2 survivors (8192K)
 Metaspace       used 85631K, committed 86272K, reserved 1179648K
  class space    used 11980K, committed 12288K, reserved 1048576K
}
Event: 10.539 GC heap before
{Heap before GC invocations=22 (full 0):
 garbage-first heap   total 159744K, used 122636K [0x0000000600000000, 0x0000000800000000)
  region size 4096K, 16 young (65536K), 2 survivors (8192K)
 Metaspace       used 85769K, committed 86400K, reserved 1179648K
  class space    used 11983K, committed 12288K, reserved 1048576K
}
Event: 10.545 GC heap after
{Heap after GC invocations=23 (full 0):
 garbage-first heap   total 159744K, used 72641K [0x0000000600000000, 0x0000000800000000)
  region size 4096K, 1 young (4096K), 1 survivors (4096K)
 Metaspace       used 85769K, committed 86400K, reserved 1179648K
  class space    used 11983K, committed 12288K, reserved 1048576K
}
Event: 10.827 GC heap before
{Heap before GC invocations=23 (full 0):
 garbage-first heap   total 159744K, used 125889K [0x0000000600000000, 0x0000000800000000)
  region size 4096K, 15 young (61440K), 1 survivors (4096K)
 Metaspace       used 86629K, committed 87296K, reserved 1179648K
  class space    used 12085K, committed 12416K, reserved 1048576K
}
Event: 10.833 GC heap after
{Heap after GC invocations=24 (full 0):
 garbage-first heap   total 159744K, used 77564K [0x0000000600000000, 0x0000000800000000)
  region size 4096K, 2 young (8192K), 2 survivors (8192K)
 Metaspace       used 86629K, committed 87296K, reserved 1179648K
  class space    used 12085K, committed 12416K, reserved 1048576K
}
Event: 11.290 GC heap before
{Heap before GC invocations=24 (full 0):
 garbage-first heap   total 159744K, used 122620K [0x0000000600000000, 0x0000000800000000)
  region size 4096K, 14 young (57344K), 2 survivors (8192K)
 Metaspace       used 88739K, committed 89408K, reserved 1179648K
  class space    used 12382K, committed 12672K, reserved 1048576K
}
Event: 11.295 GC heap after
{Heap after GC invocations=25 (full 0):
 garbage-first heap   total 159744K, used 93265K [0x0000000600000000, 0x0000000800000000)
  region size 4096K, 2 young (8192K), 2 survivors (8192K)
 Metaspace       used 88739K, committed 89408K, reserved 1179648K
  class space    used 12382K, committed 12672K, reserved 1048576K
}
Event: 11.576 GC heap before
{Heap before GC invocations=25 (full 0):
 garbage-first heap   total 159744K, used 121937K [0x0000000600000000, 0x0000000800000000)
  region size 4096K, 10 young (40960K), 2 survivors (8192K)
 Metaspace       used 91990K, committed 92736K, reserved 1179648K
  class space    used 12739K, committed 13120K, reserved 1048576K
}
Event: 11.580 GC heap after
{Heap after GC invocations=26 (full 0):
 garbage-first heap   total 159744K, used 94854K [0x0000000600000000, 0x0000000800000000)
  region size 4096K, 1 young (4096K), 1 survivors (4096K)
 Metaspace       used 91990K, committed 92736K, reserved 1179648K
  class space    used 12739K, committed 13120K, reserved 1048576K
}
Event: 11.812 GC heap before
{Heap before GC invocations=27 (full 0):
 garbage-first heap   total 172032K, used 123526K [0x0000000600000000, 0x0000000800000000)
  region size 4096K, 9 young (36864K), 1 survivors (4096K)
 Metaspace       used 93196K, committed 93888K, reserved 1179648K
  class space    used 12926K, committed 13248K, reserved 1048576K
}
Event: 11.815 GC heap after
{Heap after GC invocations=28 (full 0):
 garbage-first heap   total 172032K, used 99172K [0x0000000600000000, 0x0000000800000000)
  region size 4096K, 2 young (8192K), 2 survivors (8192K)
 Metaspace       used 93196K, committed 93888K, reserved 1179648K
  class space    used 12926K, committed 13248K, reserved 1048576K
}
Event: 12.072 GC heap before
{Heap before GC invocations=28 (full 0):
 garbage-first heap   total 172032K, used 131940K [0x0000000600000000, 0x0000000800000000)
  region size 4096K, 10 young (40960K), 2 survivors (8192K)
 Metaspace       used 95602K, committed 96256K, reserved 1179648K
  class space    used 13234K, committed 13568K, reserved 1048576K
}
Event: 12.075 GC heap after
{Heap after GC invocations=29 (full 0):
 garbage-first heap   total 208896K, used 101220K [0x0000000600000000, 0x0000000800000000)
  region size 4096K, 1 young (4096K), 1 survivors (4096K)
 Metaspace       used 95602K, committed 96256K, reserved 1179648K
  class space    used 13234K, committed 13568K, reserved 1048576K
}
Event: 12.530 GC heap before
{Heap before GC invocations=30 (full 0):
 garbage-first heap   total 208896K, used 154468K [0x0000000600000000, 0x0000000800000000)
  region size 4096K, 14 young (57344K), 1 survivors (4096K)
 Metaspace       used 99866K, committed 100608K, reserved 1179648K
  class space    used 13819K, committed 14144K, reserved 1048576K
}
Event: 12.534 GC heap after
{Heap after GC invocations=31 (full 0):
 garbage-first heap   total 208896K, used 102641K [0x0000000600000000, 0x0000000800000000)
  region size 4096K, 1 young (4096K), 1 survivors (4096K)
 Metaspace       used 99866K, committed 100608K, reserved 1179648K
  class space    used 13819K, committed 14144K, reserved 1048576K
}
Event: 13.145 GC heap before
{Heap before GC invocations=31 (full 0):
 garbage-first heap   total 208896K, used 159985K [0x0000000600000000, 0x0000000800000000)
  region size 4096K, 15 young (61440K), 1 survivors (4096K)
 Metaspace       used 102834K, committed 103552K, reserved 1179648K
  class space    used 14239K, committed 14592K, reserved 1048576K
}
Event: 13.150 GC heap after
{Heap after GC invocations=32 (full 0):
 garbage-first heap   total 208896K, used 107523K [0x0000000600000000, 0x0000000800000000)
  region size 4096K, 2 young (8192K), 2 survivors (8192K)
 Metaspace       used 102834K, committed 103552K, reserved 1179648K
  class space    used 14239K, committed 14592K, reserved 1048576K
}

