# JRE version: OpenJDK Runtime Environment (17.0.7) (build 17.0.7+0-b2043.56-10550314)
# Java VM: OpenJDK 64-Bit Server VM (17.0.7+0-b2043.56-10550314, mixed mode, tiered, compressed oops, compressed class ptrs, g1 gc, windows-amd64)
GC Precious Log:
 CPUs: 16 total, 16 available
 Memory: 16052M
 Large Page Support: Disabled
 NUMA Support: Disabled
 Compressed Oops: Enabled (Zero based)
 Heap Region Size: 4M
 Heap Min Capacity: 8M
 Heap Initial Capacity: 252M
 Heap Max Capacity: 6G
 Pre-touch: Disabled
 Parallel Workers: 13
 Concurrent Workers: 3
 Concurrent Refinement Workers: 13
 Periodic GC: Disabled
Heap:
 garbage-first heap   total 573440K, used 340197K [0x0000000680000000, 0x0000000800000000)
  region size 4096K, 3 young (12288K), 3 survivors (12288K)
 Metaspace       used 175488K, committed 176704K, reserved 1048576K
  class space    used 23664K, committed 24256K, reserved 851968K
GC Heap History (20 events):
Event: 55.462 GC heap after
{Heap after GC invocations=52 (full 0):
 garbage-first heap   total 487424K, used 196588K [0x0000000680000000, 0x0000000800000000)
  region size 4096K, 3 young (12288K), 3 survivors (12288K)
 Metaspace       used 158757K, committed 160000K, reserved 1048576K
  class space    used 21244K, committed 21824K, reserved 851968K
}
Event: 60.352 GC heap before
{Heap before GC invocations=52 (full 0):
 garbage-first heap   total 487424K, used 405484K [0x0000000680000000, 0x0000000800000000)
  region size 4096K, 51 young (208896K), 3 survivors (12288K)
 Metaspace       used 171579K, committed 172864K, reserved 1048576K
  class space    used 23132K, committed 23744K, reserved 851968K
}
Event: 60.366 GC heap after
{Heap after GC invocations=53 (full 0):
 garbage-first heap   total 487424K, used 240531K [0x0000000680000000, 0x0000000800000000)
  region size 4096K, 7 young (28672K), 7 survivors (28672K)
 Metaspace       used 171579K, committed 172864K, reserved 1048576K
  class space    used 23132K, committed 23744K, reserved 851968K
}
Event: 60.373 GC heap before
{Heap before GC invocations=53 (full 0):
 garbage-first heap   total 487424K, used 248723K [0x0000000680000000, 0x0000000800000000)
  region size 4096K, 10 young (40960K), 7 survivors (28672K)
 Metaspace       used 171597K, committed 172864K, reserved 1048576K
  class space    used 23134K, committed 23744K, reserved 851968K
}
Event: 60.381 GC heap after
{Heap after GC invocations=54 (full 0):
 garbage-first heap   total 487424K, used 251920K [0x0000000680000000, 0x0000000800000000)
  region size 4096K, 2 young (8192K), 2 survivors (8192K)
 Metaspace       used 171597K, committed 172864K, reserved 1048576K
  class space    used 23134K, committed 23744K, reserved 851968K
}
Event: 61.126 GC heap before
{Heap before GC invocations=55 (full 0):
 garbage-first heap   total 487424K, used 362512K [0x0000000680000000, 0x0000000800000000)
  region size 4096K, 27 young (110592K), 2 survivors (8192K)
 Metaspace       used 173386K, committed 174656K, reserved 1048576K
  class space    used 23515K, committed 24128K, reserved 851968K
}
Event: 61.145 GC heap after
{Heap after GC invocations=56 (full 0):
 garbage-first heap   total 487424K, used 275193K [0x0000000680000000, 0x0000000800000000)
  region size 4096K, 4 young (16384K), 4 survivors (16384K)
 Metaspace       used 173386K, committed 174656K, reserved 1048576K
  class space    used 23515K, committed 24128K, reserved 851968K
}
Event: 61.338 GC heap before
{Heap before GC invocations=56 (full 0):
 garbage-first heap   total 487424K, used 357113K [0x0000000680000000, 0x0000000800000000)
  region size 4096K, 25 young (102400K), 4 survivors (16384K)
 Metaspace       used 173807K, committed 175104K, reserved 1048576K
  class space    used 23564K, committed 24192K, reserved 851968K
}
Event: 61.365 GC heap after
{Heap after GC invocations=57 (full 0):
 garbage-first heap   total 487424K, used 315132K [0x0000000680000000, 0x0000000800000000)
  region size 4096K, 4 young (16384K), 4 survivors (16384K)
 Metaspace       used 173807K, committed 175104K, reserved 1048576K
  class space    used 23564K, committed 24192K, reserved 851968K
}
Event: 62.092 GC heap before
{Heap before GC invocations=58 (full 0):
 garbage-first heap   total 561152K, used 372476K [0x0000000680000000, 0x0000000800000000)
  region size 4096K, 18 young (73728K), 4 survivors (16384K)
 Metaspace       used 174640K, committed 175936K, reserved 1048576K
  class space    used 23643K, committed 24256K, reserved 851968K
}
Event: 62.104 GC heap after
{Heap after GC invocations=59 (full 0):
 garbage-first heap   total 561152K, used 323780K [0x0000000680000000, 0x0000000800000000)
  region size 4096K, 2 young (8192K), 2 survivors (8192K)
 Metaspace       used 174640K, committed 175936K, reserved 1048576K
  class space    used 23643K, committed 24256K, reserved 851968K
}
Event: 62.290 GC heap before
{Heap before GC invocations=59 (full 0):
 garbage-first heap   total 561152K, used 340164K [0x0000000680000000, 0x0000000800000000)
  region size 4096K, 6 young (24576K), 2 survivors (8192K)
 Metaspace       used 174792K, committed 176064K, reserved 1048576K
  class space    used 23643K, committed 24256K, reserved 851968K
}
Event: 62.299 GC heap after
{Heap after GC invocations=60 (full 0):
 garbage-first heap   total 561152K, used 323950K [0x0000000680000000, 0x0000000800000000)
  region size 4096K, 1 young (4096K), 1 survivors (4096K)
 Metaspace       used 174792K, committed 176064K, reserved 1048576K
  class space    used 23643K, committed 24256K, reserved 851968K
}
Event: 63.598 GC heap before
{Heap before GC invocations=60 (full 0):
 garbage-first heap   total 561152K, used 414062K [0x0000000680000000, 0x0000000800000000)
  region size 4096K, 24 young (98304K), 1 survivors (4096K)
 Metaspace       used 175284K, committed 176512K, reserved 1048576K
  class space    used 23657K, committed 24256K, reserved 851968K
}
Event: 63.607 GC heap after
{Heap after GC invocations=61 (full 0):
 garbage-first heap   total 561152K, used 330458K [0x0000000680000000, 0x0000000800000000)
  region size 4096K, 3 young (12288K), 3 survivors (12288K)
 Metaspace       used 175284K, committed 176512K, reserved 1048576K
  class space    used 23657K, committed 24256K, reserved 851968K
}
Event: 65.359 GC heap before
{Heap before GC invocations=62 (full 0):
 garbage-first heap   total 573440K, used 420570K [0x0000000680000000, 0x0000000800000000)
  region size 4096K, 27 young (110592K), 3 survivors (12288K)
 Metaspace       used 175457K, committed 176704K, reserved 1048576K
  class space    used 23664K, committed 24256K, reserved 851968K
}
Event: 65.370 GC heap after
{Heap after GC invocations=63 (full 0):
 garbage-first heap   total 573440K, used 342763K [0x0000000680000000, 0x0000000800000000)
  region size 4096K, 4 young (16384K), 4 survivors (16384K)
 Metaspace       used 175457K, committed 176704K, reserved 1048576K
  class space    used 23664K, committed 24256K, reserved 851968K
}
Event: 65.403 GC heap before
{Heap before GC invocations=63 (full 0):
 garbage-first heap   total 573440K, used 355051K [0x0000000680000000, 0x0000000800000000)
  region size 4096K, 7 young (28672K), 4 survivors (16384K)
 Metaspace       used 175457K, committed 176704K, reserved 1048576K
  class space    used 23664K, committed 24256K, reserved 851968K
}
Event: 65.416 GC heap after
{Heap after GC invocations=64 (full 0):
 garbage-first heap   total 573440K, used 335715K [0x0000000680000000, 0x0000000800000000)
  region size 4096K, 1 young (4096K), 1 survivors (4096K)
 Metaspace       used 175457K, committed 176704K, reserved 1048576K
  class space    used 23664K, committed 24256K, reserved 851968K
}
Event: 65.593 GC heap before
{Heap before GC invocations=64 (full 0):
 garbage-first heap   total 573440K, used 356195K [0x0000000680000000, 0x0000000800000000)
  region size 4096K, 7 young (28672K), 1 survivors (4096K)
 Metaspace       used 175488K, committed 176704K, reserved 1048576K
  class space    used 23664K, committed 24256K, reserved 851968K
}

